2019-02-19_22:12:25 — :nozkke!nozkke@nozkke.tmi.twitch.tv PRIVMSG #agilities :happy

2019-02-19_22:12:25 — :luminices!luminices@luminices.tmi.twitch.tv PRIVMSG #agilities :the happy mercy tho

2019-02-19_22:12:28 — :soyblackart!soyblackart@soyblackart.tmi.twitch.tv PRIVMSG #agilities :agilNerd

2019-02-19_22:12:28 — :oasisonoverwatch!oasisonoverwatch@oasisonoverwatch.tmi.twitch.tv PRIVMSG #agilities :calvinNAISU

2019-02-19_22:12:30 — :foulertime!foulertime@foulertime.tmi.twitch.tv PRIVMSG #agilities :agilW agilW

2019-02-19_22:12:33 — :paidoushu!paidoushu@paidoushu.tmi.twitch.tv PRIVMSG #agilities :chaglish

2019-02-19_22:12:35 — :oasisonoverwatch!oasisonoverwatch@oasisonoverwatch.tmi.twitch.tv PRIVMSG #agilities :43-4

2019-02-19_22:12:38 — :pegasuskb!pegasuskb@pegasuskb.tmi.twitch.tv PRIVMSG #agilities :OWLfireatwill

2019-02-19_22:12:39 — :kkernal!kkernal@kkernal.tmi.twitch.tv PRIVMSG #agilities :so tired

2019-02-19_22:12:41 — :double3s!double3s@double3s.tmi.twitch.tv PRIVMSG #agilities :4-4

2019-02-19_22:12:41 — :heedong22!heedong22@heedong22.tmi.twitch.tv PRIVMSG #agilities :zzzzź korean naisu

2019-02-19_22:12:42 — :okidarin!okidarin@okidarin.tmi.twitch.tv PRIVMSG #agilities :agilW

2019-02-19_22:12:45 — :erik_m03!erik_m03@erik_m03.tmi.twitch.tv PRIVMSG #agilities :do u get lifesteal from death blossom?

2019-02-19_22:12:53 — :nuerora!nuerora@nuerora.tmi.twitch.tv PRIVMSG #agilities :team agilW

2019-02-19_22:12:54 — :paidoushu!paidoushu@paidoushu.tmi.twitch.tv PRIVMSG #agilities :ameng is Chinese

2019-02-19_22:12:56 — :savagegamer27!savagegamer27@savagegamer27.tmi.twitch.tv PRIVMSG #agilities :Yes

2019-02-19_22:12:56 — :kiranou!kiranou@kiranou.tmi.twitch.tv PRIVMSG #agilities :positive winrate stream pog! agilPog

2019-02-19_22:13:05 — :okidarin!okidarin@okidarin.tmi.twitch.tv PRIVMSG #agilities :Pog

2019-02-19_22:13:10 — :mushroomgul42!mushroomgul42@mushroomgul42.tmi.twitch.tv PRIVMSG #agilities :@okidarin agilW /

2019-02-19_22:13:14 — :hotel_whiskey!hotel_whiskey@hotel_whiskey.tmi.twitch.tv PRIVMSG #agilities :not noobtuber69 FeelsWeirdManW

2019-02-19_22:13:16 — :bluefurryninja!bluefurryninja@bluefurryninja.tmi.twitch.tv PRIVMSG #agilities :@agilities show me da wae of the genji main

2019-02-19_22:13:17 — :nuerora!nuerora@nuerora.tmi.twitch.tv PRIVMSG #agilities :winstreak!

2019-02-19_22:13:19 — :soyblackart!soyblackart@soyblackart.tmi.twitch.tv PRIVMSG #agilities :agi how many cats you have

2019-02-19_22:13:22 — :foulertime!foulertime@foulertime.tmi.twitch.tv PRIVMSG #agilities :do u get lifesteal from melee

2019-02-19_22:13:23 — :okidarin!okidarin@okidarin.tmi.twitch.tv PRIVMSG #agilities :agilGengu @mushroomgul42

2019-02-19_22:13:31 — :erik_m03!erik_m03@erik_m03.tmi.twitch.tv PRIVMSG #agilities :damnn

2019-02-19_22:13:38 — :4cream!4cream@4cream.tmi.twitch.tv PRIVMSG #agilities :mendoAYAYA

2019-02-19_22:13:40 — :herpin2daderpin!herpin2daderpin@herpin2daderpin.tmi.twitch.tv PRIVMSG #agilities :oasis Pog

2019-02-19_22:13:42 — :mushroomgul42!mushroomgul42@mushroomgul42.tmi.twitch.tv PRIVMSG #agilities ::O

2019-02-19_22:13:43 — :soyblackart!soyblackart@soyblackart.tmi.twitch.tv PRIVMSG #agilities :@oasisonoverwatch OMG

2019-02-19_22:13:47 — :blocked!blocked@blocked.tmi.twitch.tv PRIVMSG #agilities :Pog

2019-02-19_22:13:51 — :soyblackart!soyblackart@soyblackart.tmi.twitch.tv PRIVMSG #agilities :thank you

2019-02-19_22:13:54 — :wojiaochy!wojiaochy@wojiaochy.tmi.twitch.tv PRIVMSG #agilities :why genji can't kill anyone?

2019-02-19_22:14:06 — :zg9064!zg9064@zg9064.tmi.twitch.tv PRIVMSG #agilities :agilG

2019-02-19_22:14:07 — :ahoyta123!ahoyta123@ahoyta123.tmi.twitch.tv PRIVMSG #agilities :It used to be possible to kill reaper by deflecting during blossom. It isn’t anymore. @agilities

2019-02-19_22:14:07 — :debariso!debariso@debariso.tmi.twitch.tv PRIVMSG #agilities :Pog ASIS

2019-02-19_22:14:09 — :wraxu222!wraxu222@wraxu222.tmi.twitch.tv PRIVMSG #agilities :agilHug agilHug

2019-02-19_22:14:09 — :ni_hur!ni_hur@ni_hur.tmi.twitch.tv PRIVMSG #agilities :Pog

2019-02-19_22:14:10 — :kkukku91!kkukku91@kkukku91.tmi.twitch.tv PRIVMSG #agilities :brady do you like to sing?

2019-02-19_22:14:12 — :oasisonoverwatch!oasisonoverwatch@oasisonoverwatch.tmi.twitch.tv PRIVMSG #agilities :oh wait i fked up was supposed to be t3 so you could spam agilNERD

2019-02-19_22:14:12 — :mushroomgul42!mushroomgul42@mushroomgul42.tmi.twitch.tv PRIVMSG #agilities :agilG

2019-02-19_22:14:13 — :ranknomoja!ranknomoja@ranknomoja.tmi.twitch.tv PRIVMSG #agilities :feel like its so annoying now when you try to deflect reaper ult but can't really kill him cus he's lifestealing on other 2/3 people LUL

2019-02-19_22:14:14 — :soyblackart!soyblackart@soyblackart.tmi.twitch.tv PRIVMSG #agilities :agilW agilW agilW agilW

2019-02-19_22:14:14 — :kc29!kc29@kc29.tmi.twitch.tv PRIVMSG #agilities :Cause genji doo doo

2019-02-19_22:14:18 — :nuerora!nuerora@nuerora.tmi.twitch.tv PRIVMSG #agilities :oasis agilH

2019-02-19_22:14:22 — :beta0101!beta0101@beta0101.tmi.twitch.tv PRIVMSG #agilities :@agilities are you scared of testicular torsion?

2019-02-19_22:14:25 — :double3s!double3s@double3s.tmi.twitch.tv PRIVMSG #agilities :if they were to make changes to genji what would you like to see?

2019-02-19_22:14:25 — :dablueduck!dablueduck@dablueduck.tmi.twitch.tv PRIVMSG #agilities :agilG

2019-02-19_22:14:25 — :evelocz!evelocz@evelocz.tmi.twitch.tv PRIVMSG #agilities :What does pog mean

2019-02-19_22:14:26 — :rebvalla!rebvalla@rebvalla.tmi.twitch.tv PRIVMSG #agilities :sing for us agilW

2019-02-19_22:14:26 — :okidarin!okidarin@okidarin.tmi.twitch.tv PRIVMSG #agilities :agilG

2019-02-19_22:14:37 — :mushroomgul42!mushroomgul42@mushroomgul42.tmi.twitch.tv PRIVMSG #agilities :AgilNerd

2019-02-19_22:14:40 — :soyblackart!soyblackart@soyblackart.tmi.twitch.tv PRIVMSG #agilities :@oasisonoverwatch oh, no :( hahaha

2019-02-19_22:14:40 — :savagegamer27!savagegamer27@savagegamer27.tmi.twitch.tv PRIVMSG #agilities :Cause Genji is a vulture has to pick off the weak ppl

2019-02-19_22:14:41 — :mushroomgul42!mushroomgul42@mushroomgul42.tmi.twitch.tv PRIVMSG #agilities :one day

2019-02-19_22:14:43 — :bluefurryninja!bluefurryninja@bluefurryninja.tmi.twitch.tv PRIVMSG #agilities :this isn't necros boys xD

2019-02-19_22:14:45 — :dreadplaysgames!dreadplaysgames@dreadplaysgames.tmi.twitch.tv PRIVMSG #agilities :@agilities when engaging on Backline targets as sombra should I always go for hack first or should I just shoot?

2019-02-19_22:14:54 — :nozkke!nozkke@nozkke.tmi.twitch.tv PRIVMSG #agilities :country road agilW

2019-02-19_22:14:56 — :zg9064!zg9064@zg9064.tmi.twitch.tv PRIVMSG #agilities :https://clips.twitch.tv/BitterSpicySowTakeNRG

2019-02-19_22:14:59 — :zg9064!zg9064@zg9064.tmi.twitch.tv PRIVMSG #agilities :brady singing

2019-02-19_22:15:01 — :oasisonoverwatch!oasisonoverwatch@oasisonoverwatch.tmi.twitch.tv PRIVMSG #agilities :take me home agilW

2019-02-19_22:15:01 — :soyblackart!soyblackart@soyblackart.tmi.twitch.tv PRIVMSG #agilities :@oasisonoverwatch but i think is ok, i can spam agilW agilW agilW agilW the happy face

2019-02-19_22:15:01 — :herpin2daderpin!herpin2daderpin@herpin2daderpin.tmi.twitch.tv PRIVMSG #agilities :agilG

2019-02-19_22:15:02 — :asneakyninjaman!asneakyninjaman@asneakyninjaman.tmi.twitch.tv PRIVMSG #agilities ::/

2019-02-19_22:15:09 — :rebvalla!rebvalla@rebvalla.tmi.twitch.tv PRIVMSG #agilities :country road agilW

2019-02-19_22:15:12 — :oasisonoverwatch!oasisonoverwatch@oasisonoverwatch.tmi.twitch.tv PRIVMSG #agilities :let grim play agilG

2019-02-19_22:15:14 — :kiranou!kiranou@kiranou.tmi.twitch.tv PRIVMSG #agilities :agilG agilG

2019-02-19_22:15:18 — :rebvalla!rebvalla@rebvalla.tmi.twitch.tv PRIVMSG #agilities :to the place agilW

2019-02-19_22:15:18 — :zg9064!zg9064@zg9064.tmi.twitch.tv PRIVMSG #agilities :agilG

2019-02-19_22:15:19 — :mushroomgul42!mushroomgul42@mushroomgul42.tmi.twitch.tv PRIVMSG #agilities :agilG

2019-02-19_22:15:21 — :oasisonoverwatch!oasisonoverwatch@oasisonoverwatch.tmi.twitch.tv PRIVMSG #agilities :to the place agilW

2019-02-19_22:15:23 — :xfornen!xfornen@xfornen.tmi.twitch.tv PRIVMSG #agilities :!sens

2019-02-19_22:15:23 — :nuerora!nuerora@nuerora.tmi.twitch.tv PRIVMSG #agilities :agilG

2019-02-19_22:15:23 — :nightbot!nightbot@nightbot.tmi.twitch.tv PRIVMSG #agilities :5.50 in game 800 dpi

2019-02-19_22:15:24 — :wraxu222!wraxu222@wraxu222.tmi.twitch.tv PRIVMSG #agilities :agilW

2019-02-19_22:15:28 — :nozkke!nozkke@nozkke.tmi.twitch.tv PRIVMSG #agilities :i belong agilW

2019-02-19_22:15:29 — :gan0919!gan0919@gan0919.tmi.twitch.tv PRIVMSG #agilities :purple DansGame

2019-02-19_22:15:35 — :herpin2daderpin!herpin2daderpin@herpin2daderpin.tmi.twitch.tv PRIVMSG #agilities :ban grim?

2019-02-19_22:15:37 — :foulertime!foulertime@foulertime.tmi.twitch.tv PRIVMSG #agilities :fishcake LULW

2019-02-19_22:15:37 — :kc29!kc29@kc29.tmi.twitch.tv PRIVMSG #agilities :grim has a 4.8k jetpack cat account

2019-02-19_22:15:39 — :soyblackart!soyblackart@soyblackart.tmi.twitch.tv PRIVMSG #agilities :agilW agilW

2019-02-19_22:15:40 — :rebvalla!rebvalla@rebvalla.tmi.twitch.tv PRIVMSG #agilities :west virginia agilW

2019-02-19_22:15:43 — :mushroomgul42!mushroomgul42@mushroomgul42.tmi.twitch.tv PRIVMSG #agilities :agilW agilW

2019-02-19_22:15:45 — :debariso!debariso@debariso.tmi.twitch.tv PRIVMSG #agilities :agilW ANY HAPPY PEOPLE IN CHAT? agilW

2019-02-19_22:15:46 — :zg9064!zg9064@zg9064.tmi.twitch.tv PRIVMSG #agilities :grim never throws, you're just bad

2019-02-19_22:15:50 — :zg9064!zg9064@zg9064.tmi.twitch.tv PRIVMSG #agilities :agilW

2019-02-19_22:15:51 — :oasisonoverwatch!oasisonoverwatch@oasisonoverwatch.tmi.twitch.tv PRIVMSG #agilities :grim only wants to help agilG

2019-02-19_22:15:53 — :nozkke!nozkke@nozkke.tmi.twitch.tv PRIVMSG #agilities :mountain mama agilW

2019-02-19_22:16:00 — :mushroomgul42!mushroomgul42@mushroomgul42.tmi.twitch.tv PRIVMSG #agilities :agilG

2019-02-19_22:16:02 — :zg9064!zg9064@zg9064.tmi.twitch.tv PRIVMSG #agilities :agilW build the brady barrier chat agilW

2019-02-19_22:16:06 — :rebvalla!rebvalla@rebvalla.tmi.twitch.tv PRIVMSG #agilities :take me home agilG

2019-02-19_22:16:07 — :necrosbestgenji!necrosbestgenji@necrosbestgenji.tmi.twitch.tv PRIVMSG #agilities :!crosshairs

2019-02-19_22:16:09 — :foulertime!foulertime@foulertime.tmi.twitch.tv PRIVMSG #agilities :agilW 7

2019-02-19_22:16:10 — :mushroomgul42!mushroomgul42@mushroomgul42.tmi.twitch.tv PRIVMSG #agilities :jenaurfPepega jenaurfPepega jenaurfPepega

2019-02-19_22:16:12 — :dablueduck!dablueduck@dablueduck.tmi.twitch.tv PRIVMSG #agilities :wheres ninjas?

2019-02-19_22:16:12 — :rebvalla!rebvalla@rebvalla.tmi.twitch.tv PRIVMSG #agilities :agilW oops

2019-02-19_22:16:14 — :necrosbestgenji!necrosbestgenji@necrosbestgenji.tmi.twitch.tv PRIVMSG #agilities :!crosshair

2019-02-19_22:16:14 — :nightbot!nightbot@nightbot.tmi.twitch.tv PRIVMSG #agilities :1, 6, 8, 100, 100, 2, 100

2019-02-19_22:16:16 — :debariso!debariso@debariso.tmi.twitch.tv PRIVMSG #agilities :agilW agilW agilW agilW agilW

2019-02-19_22:16:16 — :soyblackart!soyblackart@soyblackart.tmi.twitch.tv PRIVMSG #agilities :agilW

2019-02-19_22:16:21 — :djstingray!djstingray@djstingray.tmi.twitch.tv PRIVMSG #agilities :agilW agilW agilW agilW agilW

2019-02-19_22:16:22 — :mushroomgul42!mushroomgul42@mushroomgul42.tmi.twitch.tv PRIVMSG #agilities :agilW agilW agilW agilW

2019-02-19_22:16:29 — :debariso!debariso@debariso.tmi.twitch.tv PRIVMSG #agilities :agilW agilW agilW

2019-02-19_22:16:29 — :nozkke!nozkke@nozkke.tmi.twitch.tv PRIVMSG #agilities :agilW agilW agilW agilW agilW

2019-02-19_22:16:30 — :zg9064!zg9064@zg9064.tmi.twitch.tv PRIVMSG #agilities :agilW agilW agilW agilW agilW agilW

2019-02-19_22:16:34 — :rebvalla!rebvalla@rebvalla.tmi.twitch.tv PRIVMSG #agilities :happy chat agilW agilW agilW

2019-02-19_22:16:36 — :soyblackart!soyblackart@soyblackart.tmi.twitch.tv PRIVMSG #agilities :agilW agilW agilW agilW agilW

2019-02-19_22:16:36 — :foulertime!foulertime@foulertime.tmi.twitch.tv PRIVMSG #agilities :agilW agilW agilW agilW agilW agilW agilW agilW agilW agilW agilW agilW

2019-02-19_22:16:37 — :debariso!debariso@debariso.tmi.twitch.tv PRIVMSG #agilities :agilW agilW agilW agilW

2019-02-19_22:16:40 — :draconic__!draconic__@draconic__.tmi.twitch.tv PRIVMSG #agilities :agilW agilW agilW agilW agilW agilW agilW agilW agilW

2019-02-19_22:16:40 — :mushroomgul42!mushroomgul42@mushroomgul42.tmi.twitch.tv PRIVMSG #agilities :smiles only

2019-02-19_22:16:42 — :mushroomgul42!mushroomgul42@mushroomgul42.tmi.twitch.tv PRIVMSG #agilities :agilW agilW agilW agilW

2019-02-19_22:16:43 — :sweetdave__!sweetdave__@sweetdave__.tmi.twitch.tv PRIVMSG #agilities :agilW agilW agilW agilW

2019-02-19_22:16:44 — :kiranou!kiranou@kiranou.tmi.twitch.tv PRIVMSG #agilities :agilHiYo

2019-02-19_22:16:45 — :oasisonoverwatch!oasisonoverwatch@oasisonoverwatch.tmi.twitch.tv PRIVMSG #agilities :mod now can spam agilW agilW agilW agilW agilW agilW agilW agilW agilW agilW agilW agilW agilW agilW agilW agilW agilW agilW agilW agilW agilW agilW

2019-02-19_22:16:45 — :wraxu222!wraxu222@wraxu222.tmi.twitch.tv PRIVMSG #agilities :agilW agilW

2019-02-19_22:16:48 — :debariso!debariso@debariso.tmi.twitch.tv PRIVMSG #agilities :agilW agilW

2019-02-19_22:16:48 — :dablueduck!dablueduck@dablueduck.tmi.twitch.tv PRIVMSG #agilities :agilW agilW agilW agilW agilW agilW agilW agilW agilW agilW agilW agilW

2019-02-19_22:16:49 — :herpin2daderpin!herpin2daderpin@herpin2daderpin.tmi.twitch.tv PRIVMSG #agilities :agilW 7

2019-02-19_22:16:52 — :soyblackart!soyblackart@soyblackart.tmi.twitch.tv PRIVMSG #agilities :agilW agilW agilW agilW agilW agilW agilW

2019-02-19_22:16:53 — :fainted!fainted@fainted.tmi.twitch.tv PRIVMSG #agilities :WeirdChamp

2019-02-19_22:16:54 — :foulertime!foulertime@foulertime.tmi.twitch.tv PRIVMSG #agilities :agilW 7

2019-02-19_22:16:57 — :herpin2daderpin!herpin2daderpin@herpin2daderpin.tmi.twitch.tv PRIVMSG #agilities :agilW Clap

2019-02-19_22:16:57 — :ninjaslikepie!ninjaslikepie@ninjaslikepie.tmi.twitch.tv PRIVMSG #agilities :agilW agilW agilW agilW agilW agilW agilW agilW agilW agilW agilW

2019-02-19_22:16:58 — :debariso!debariso@debariso.tmi.twitch.tv PRIVMSG #agilities :agilW agilW agilW agilW agilW agilW agilW agilW agilW

2019-02-19_22:16:58 — :nuerora!nuerora@nuerora.tmi.twitch.tv PRIVMSG #agilities :agilW

2019-02-19_22:17:04 — :zg9064!zg9064@zg9064.tmi.twitch.tv PRIVMSG #agilities :agilW agilW agilW agilW

2019-02-19_22:17:05 — :soyblackart!soyblackart@soyblackart.tmi.twitch.tv PRIVMSG #agilities :@oasisonoverwatch hahahaha coool

2019-02-19_22:17:07 — :justchillabit!justchillabit@justchillabit.tmi.twitch.tv PRIVMSG #agilities :agilW agilW agilW agilW

2019-02-19_22:17:08 — :herpin2daderpin!herpin2daderpin@herpin2daderpin.tmi.twitch.tv PRIVMSG #agilities :looking good chat agilW

2019-02-19_22:17:08 — :dablueduck!dablueduck@dablueduck.tmi.twitch.tv PRIVMSG #agilities :yay ninjas

2019-02-19_22:17:13 — :foulertime!foulertime@foulertime.tmi.twitch.tv PRIVMSG #agilities :agilW

2019-02-19_22:17:15 — :mushroomgul42!mushroomgul42@mushroomgul42.tmi.twitch.tv PRIVMSG #agilities :@kiranou agilHiYo

2019-02-19_22:17:16 — :rebvalla!rebvalla@rebvalla.tmi.twitch.tv PRIVMSG #agilities :agilW agilW agilW agilW agilW agilW agilW agilW

2019-02-19_22:17:18 — :mushroomgul42!mushroomgul42@mushroomgul42.tmi.twitch.tv PRIVMSG #agilities :agilW agilW agilW

2019-02-19_22:17:28 — :debariso!debariso@debariso.tmi.twitch.tv PRIVMSG #agilities :agilW agilW agilW agilW agilW

2019-02-19_22:17:35 — :shim970!shim970@shim970.tmi.twitch.tv PRIVMSG #agilities :DoritosChip DoritosChip

2019-02-19_22:17:38 — :kiranou!kiranou@kiranou.tmi.twitch.tv PRIVMSG #agilities :brady bots everywhere!

2019-02-19_22:17:40 — :zg9064!zg9064@zg9064.tmi.twitch.tv PRIVMSG #agilities :gj chat

2019-02-19_22:17:43 — :kiranou!kiranou@kiranou.tmi.twitch.tv PRIVMSG #agilities :agilW

2019-02-19_22:17:48 — :zg9064!zg9064@zg9064.tmi.twitch.tv PRIVMSG #agilities :now we need to do that in an OWL broadcast

2019-02-19_22:17:48 — :nozkke!nozkke@nozkke.tmi.twitch.tv PRIVMSG #agilities :LUL

2019-02-19_22:17:49 — :mushroomgul42!mushroomgul42@mushroomgul42.tmi.twitch.tv PRIVMSG #agilities :agilW agilW agilW

2019-02-19_22:17:55 — :herpin2daderpin!herpin2daderpin@herpin2daderpin.tmi.twitch.tv PRIVMSG #agilities :they will ban your ass

2019-02-19_22:17:58 — :nozkke!nozkke@nozkke.tmi.twitch.tv PRIVMSG #agilities :agilW LUL agilW

2019-02-19_22:17:58 — :herpin2daderpin!herpin2daderpin@herpin2daderpin.tmi.twitch.tv PRIVMSG #agilities :if u do

2019-02-19_22:18:03 — :foulertime!foulertime@foulertime.tmi.twitch.tv PRIVMSG #agilities :agilW agilW agilW agilW agilW agilW agilW agilW

2019-02-19_22:18:03 — :debariso!debariso@debariso.tmi.twitch.tv PRIVMSG #agilities :agilW m0xyShake AYAYA

2019-02-19_22:18:10 — :oasisonoverwatch!oasisonoverwatch@oasisonoverwatch.tmi.twitch.tv PRIVMSG #agilities :can't stop won't stop agilW

2019-02-19_22:18:12 — :mushroomgul42!mushroomgul42@mushroomgul42.tmi.twitch.tv PRIVMSG #agilities :youre losing cause grim isnt playing

2019-02-19_22:18:20 — :kiranou!kiranou@kiranou.tmi.twitch.tv PRIVMSG #agilities :ban for brady!

2019-02-19_22:18:25 — :soyblackart!soyblackart@soyblackart.tmi.twitch.tv PRIVMSG #agilities :agilW agilW

2019-02-19_22:18:27 — :soyblackart!soyblackart@soyblackart.tmi.twitch.tv PRIVMSG #agilities :agilW agilW agilW

2019-02-19_22:18:28 — :mushroomgul42!mushroomgul42@mushroomgul42.tmi.twitch.tv PRIVMSG #agilities :LMAO

2019-02-19_22:18:30 — :foulertime!foulertime@foulertime.tmi.twitch.tv PRIVMSG #agilities :denied

2019-02-19_22:18:31 — :mushroomgul42!mushroomgul42@mushroomgul42.tmi.twitch.tv PRIVMSG #agilities :agilW agilW agilW

2019-02-19_22:18:35 — :zg9064!zg9064@zg9064.tmi.twitch.tv PRIVMSG #agilities :agilW agilW agilW agilW agilW

2019-02-19_22:18:36 — :soyblackart!soyblackart@soyblackart.tmi.twitch.tv PRIVMSG #agilities :agilW agilW agilW agilW

2019-02-19_22:18:43 — :rebvalla!rebvalla@rebvalla.tmi.twitch.tv PRIVMSG #agilities :agilW agilW agilW agilW

2019-02-19_22:18:43 — :soyblackart!soyblackart@soyblackart.tmi.twitch.tv PRIVMSG #agilities :agilW agilW agilW agilW agilW agilW

2019-02-19_22:18:44 — :kiranou!kiranou@kiranou.tmi.twitch.tv PRIVMSG #agilities :spaceo1EAT spaceo1EAT

2019-02-19_22:18:51 — :nozkke!nozkke@nozkke.tmi.twitch.tv PRIVMSG #agilities :agilW agilW agilW agilW

2019-02-19_22:18:54 — :soyblackart!soyblackart@soyblackart.tmi.twitch.tv PRIVMSG #agilities :i hope dont get banned

2019-02-19_22:18:56 — :rebvalla!rebvalla@rebvalla.tmi.twitch.tv PRIVMSG #agilities :can't ban us here agilW agilW agilW

2019-02-19_22:18:57 — :shanks_!shanks_@shanks_.tmi.twitch.tv PRIVMSG #agilities :ResidentSleeper goats

2019-02-19_22:19:04 — :mushroomgul42!mushroomgul42@mushroomgul42.tmi.twitch.tv PRIVMSG #agilities :Cant stop wont stop agilW

2019-02-19_22:19:06 — :soyblackart!soyblackart@soyblackart.tmi.twitch.tv PRIVMSG #agilities :agilW agilW agilW agilW agilW agilW agilW agilW

2019-02-19_22:19:12 — :debariso!debariso@debariso.tmi.twitch.tv PRIVMSG #agilities :agilW agilW agilW agilW agilW agilW agilW agilW agilW agilW agilW agilW

2019-02-19_22:19:14 — :herpin2daderpin!herpin2daderpin@herpin2daderpin.tmi.twitch.tv PRIVMSG #agilities :but for real dont spam in the owl chat

2019-02-19_22:19:16 — :skillssage!skillssage@skillssage.tmi.twitch.tv PRIVMSG #agilities :agilW agilW agilW agilW agilW agilW

2019-02-19_22:19:18 — :herpin2daderpin!herpin2daderpin@herpin2daderpin.tmi.twitch.tv PRIVMSG #agilities :they will fuck u

2019-02-19_22:19:19 — :windfall89!windfall89@windfall89.tmi.twitch.tv PRIVMSG #agilities :oh dear what is happening in chat

2019-02-19_22:19:20 — :nozkke!nozkke@nozkke.tmi.twitch.tv PRIVMSG #agilities :LUL

2019-02-19_22:19:30 — :rebvalla!rebvalla@rebvalla.tmi.twitch.tv PRIVMSG #agilities :I've been banned by owl countless of times FeelsBadMan

2019-02-19_22:19:30 — :foulertime!foulertime@foulertime.tmi.twitch.tv PRIVMSG #agilities :agilW 7

2019-02-19_22:19:35 — :zg9064!zg9064@zg9064.tmi.twitch.tv PRIVMSG #agilities :we're building the brady barrier wind

2019-02-19_22:19:38 — :mushroomgul42!mushroomgul42@mushroomgul42.tmi.twitch.tv PRIVMSG #agilities :agilW

2019-02-19_22:19:40 — :zg9064!zg9064@zg9064.tmi.twitch.tv PRIVMSG #agilities :agilW agilW agilW

2019-02-19_22:19:40 — :mushroomgul42!mushroomgul42@mushroomgul42.tmi.twitch.tv PRIVMSG #agilities :agilW agilW

2019-02-19_22:19:42 — :mushroomgul42!mushroomgul42@mushroomgul42.tmi.twitch.tv PRIVMSG #agilities :agilW agilW agilW

2019-02-19_22:19:42 — :windfall89!windfall89@windfall89.tmi.twitch.tv PRIVMSG #agilities :agilS

2019-02-19_22:19:44 — :herpin2daderpin!herpin2daderpin@herpin2daderpin.tmi.twitch.tv PRIVMSG #agilities :agilW Clap

2019-02-19_22:19:45 — :skillssage!skillssage@skillssage.tmi.twitch.tv PRIVMSG #agilities :Anyone else have agil emoji on his room wall? agilW agilW agilW agilW agilW agilW

2019-02-19_22:19:47 — :soyblackart!soyblackart@soyblackart.tmi.twitch.tv PRIVMSG #agilities :@rebvalla me 2 hahaha

2019-02-19_22:19:54 — :soyblackart!soyblackart@soyblackart.tmi.twitch.tv PRIVMSG #agilities :agilW agilW agilW agilW

2019-02-19_22:19:55 — :windfall89!windfall89@windfall89.tmi.twitch.tv PRIVMSG #agilities :why...

2019-02-19_22:19:56 — :aliciaaeatsyou!aliciaaeatsyou@aliciaaeatsyou.tmi.twitch.tv PRIVMSG #agilities :agilW agilW agilW agilW

2019-02-19_22:19:56 — :gingersnapss!gingersnapss@gingersnapss.tmi.twitch.tv PRIVMSG #agilities :hello brady :)

2019-02-19_22:19:58 — :soyblackart!soyblackart@soyblackart.tmi.twitch.tv PRIVMSG #agilities :agilW agilW agilW agilW agilW

2019-02-19_22:19:58 — :nozkke!nozkke@nozkke.tmi.twitch.tv PRIVMSG #agilities :< agilW >

2019-02-19_22:20:00 — :mushroomgul42!mushroomgul42@mushroomgul42.tmi.twitch.tv PRIVMSG #agilities :agilW agilW agilW agilW

2019-02-19_22:20:01 — :gingersnapss!gingersnapss@gingersnapss.tmi.twitch.tv PRIVMSG #agilities :hello chattors :)

2019-02-19_22:20:01 — :soyblackart!soyblackart@soyblackart.tmi.twitch.tv PRIVMSG #agilities :agilW agilW agilW agilW agilW agilW

2019-02-19_22:20:02 — :herpin2daderpin!herpin2daderpin@herpin2daderpin.tmi.twitch.tv PRIVMSG #agilities :ginger pls agilW

2019-02-19_22:20:02 — :skillssage!skillssage@skillssage.tmi.twitch.tv PRIVMSG #agilities :agilW agilW agilW agilW

2019-02-19_22:20:03 — :debariso!debariso@debariso.tmi.twitch.tv PRIVMSG #agilities :agilW agilW agilW agilW agilW agilW

2019-02-19_22:20:05 — :gingersnapss!gingersnapss@gingersnapss.tmi.twitch.tv PRIVMSG #agilities :agilW

2019-02-19_22:20:05 — :soyblackart!soyblackart@soyblackart.tmi.twitch.tv PRIVMSG #agilities :agilW agilW agilW agilW agilW agilW agilW

2019-02-19_22:20:06 — :rebvalla!rebvalla@rebvalla.tmi.twitch.tv PRIVMSG #agilities :agilW agilW agilW agilW

2019-02-19_22:20:09 — :soyblackart!soyblackart@soyblackart.tmi.twitch.tv PRIVMSG #agilities :agilW agilW agilW agilW agilW agilW agilW agilW

2019-02-19_22:20:10 — :zg9064!zg9064@zg9064.tmi.twitch.tv PRIVMSG #agilities :agilW agilW

2019-02-19_22:20:11 — :aliciaaeatsyou!aliciaaeatsyou@aliciaaeatsyou.tmi.twitch.tv PRIVMSG #agilities :agilW agilW agilW agilW agilW

2019-02-19_22:20:12 — :mushroomgul42!mushroomgul42@mushroomgul42.tmi.twitch.tv PRIVMSG #agilities :Ginger agilW agilW

2019-02-19_22:20:14 — :skillssage!skillssage@skillssage.tmi.twitch.tv PRIVMSG #agilities :agilW agilW agilW agilW agilW agilW agilW

2019-02-19_22:20:15 — :soyblackart!soyblackart@soyblackart.tmi.twitch.tv PRIVMSG #agilities :agilW agilW agilW agilW agilW agilW agilW agilW agilW

2019-02-19_22:20:16 — :gingersnapss!gingersnapss@gingersnapss.tmi.twitch.tv PRIVMSG #agilities :\ agilW

2019-02-19_22:20:19 — :nozkke!nozkke@nozkke.tmi.twitch.tv PRIVMSG #agilities :agilW agilW agilW agilW agilW

2019-02-19_22:20:20 — :soyblackart!soyblackart@soyblackart.tmi.twitch.tv PRIVMSG #agilities :agilW agilW agilW agilW agilW agilW agilW agilW agilW agilW

2019-02-19_22:20:21 — :herpin2daderpin!herpin2daderpin@herpin2daderpin.tmi.twitch.tv PRIVMSG #agilities :agilW agilW agilW agilW

2019-02-19_22:20:22 — :gingersnapss!gingersnapss@gingersnapss.tmi.twitch.tv PRIVMSG #agilities :agilW /

2019-02-19_22:20:24 — :gingersnapss!gingersnapss@gingersnapss.tmi.twitch.tv PRIVMSG #agilities :\ agilW

2019-02-19_22:20:24 — :zg9064!zg9064@zg9064.tmi.twitch.tv PRIVMSG #agilities :agilW agilW agilW agilW

2019-02-19_22:20:25 — :soyblackart!soyblackart@soyblackart.tmi.twitch.tv PRIVMSG #agilities :agilW agilW agilW agilW agilW agilW agilW agilW agilW agilW agilW

2019-02-19_22:20:26 — :gingersnapss!gingersnapss@gingersnapss.tmi.twitch.tv PRIVMSG #agilities :agilW /

2019-02-19_22:20:28 — :debariso!debariso@debariso.tmi.twitch.tv PRIVMSG #agilities :BUILD THE WALL GINGER agilW agilW agilW agilW agilW agilW

2019-02-19_22:20:28 — :gingersnapss!gingersnapss@gingersnapss.tmi.twitch.tv PRIVMSG #agilities :\ agilW

2019-02-19_22:20:30 — :gingersnapss!gingersnapss@gingersnapss.tmi.twitch.tv PRIVMSG #agilities :agilW /

2019-02-19_22:20:31 — :skillssage!skillssage@skillssage.tmi.twitch.tv PRIVMSG #agilities :agilW agilW agilW agilW agilW agilW agilW agilW agilW agilW agilW agilW agilW agilW agilW

2019-02-19_22:20:31 — :soyblackart!soyblackart@soyblackart.tmi.twitch.tv PRIVMSG #agilities :agilW agilW agilW agilW agilW agilW agilW agilW agilW agilW agilW agilW

2019-02-19_22:20:32 — :nuerora!nuerora@nuerora.tmi.twitch.tv PRIVMSG #agilities :chat whats going on agilW

2019-02-19_22:20:33 — :mushroomgul42!mushroomgul42@mushroomgul42.tmi.twitch.tv PRIVMSG #agilities :< agilW /

2019-02-19_22:20:37 — :soyblackart!soyblackart@soyblackart.tmi.twitch.tv PRIVMSG #agilities :agilW agilW agilW agilW agilW agilW agilW agilW agilW agilW agilW agilW agilW

2019-02-19_22:20:39 — :herpin2daderpin!herpin2daderpin@herpin2daderpin.tmi.twitch.tv PRIVMSG #agilities :why agilW

2019-02-19_22:20:42 — :nozkke!nozkke@nozkke.tmi.twitch.tv PRIVMSG #agilities :\ agilW /

2019-02-19_22:20:44 — :maeyamada!maeyamada@maeyamada.tmi.twitch.tv PRIVMSG #agilities :LUL

2019-02-19_22:20:46 — :windfall89!windfall89@windfall89.tmi.twitch.tv PRIVMSG #agilities :I'm going to turn away again and hope this stops

2019-02-19_22:20:47 — :zg9064!zg9064@zg9064.tmi.twitch.tv PRIVMSG #agilities :agilW why agilW

2019-02-19_22:20:48 — :soyblackart!soyblackart@soyblackart.tmi.twitch.tv PRIVMSG #agilities :idk whats happening agilW agilW agilW agilW agilW

2019-02-19_22:20:49 — :rebvalla!rebvalla@rebvalla.tmi.twitch.tv PRIVMSG #agilities :dude agilW agilW agilW agilW

2019-02-19_22:20:51 — :gingersnapss!gingersnapss@gingersnapss.tmi.twitch.tv PRIVMSG #agilities :imagine not agilW ing

2019-02-19_22:20:54 — :frosteedoc!frosteedoc@frosteedoc.tmi.twitch.tv PRIVMSG #agilities :andyraeAdventure

2019-02-19_22:20:55 — :oasisonoverwatch!oasisonoverwatch@oasisonoverwatch.tmi.twitch.tv PRIVMSG #agilities :this is fine agilW

2019-02-19_22:20:56 — :skillssage!skillssage@skillssage.tmi.twitch.tv PRIVMSG #agilities :agilW agilW agilW agilW agilW agilW agilW

2019-02-19_22:20:56 — :maeyamada!maeyamada@maeyamada.tmi.twitch.tv PRIVMSG #agilities :i dont have that emote WutFace

2019-02-19_22:20:59 — :acruxovoxo!acruxovoxo@acruxovoxo.tmi.twitch.tv PRIVMSG #agilities :agilW agilW agilW

2019-02-19_22:21:02 — :debariso!debariso@debariso.tmi.twitch.tv PRIVMSG #agilities :agilW m0xyShake AYAYA

2019-02-19_22:21:05 — :herpin2daderpin!herpin2daderpin@herpin2daderpin.tmi.twitch.tv PRIVMSG #agilities :@maeyamada agilW

2019-02-19_22:21:08 — :nozkke!nozkke@nozkke.tmi.twitch.tv PRIVMSG #agilities :~ agilW ~

2019-02-19_22:21:12 — :justchillabit!justchillabit@justchillabit.tmi.twitch.tv PRIVMSG #agilities :agilW agilW agilW

2019-02-19_22:21:13 — :maeyamada!maeyamada@maeyamada.tmi.twitch.tv PRIVMSG #agilities :FeelsBadMan

2019-02-19_22:21:14 — :mushroomgul42!mushroomgul42@mushroomgul42.tmi.twitch.tv PRIVMSG #agilities :Let grim play

2019-02-19_22:21:15 — :zg9064!zg9064@zg9064.tmi.twitch.tv PRIVMSG #agilities :agilW this is the single best thing that has ever happened to chat agilW

2019-02-19_22:21:15 — :ericksharky!ericksharky@ericksharky.tmi.twitch.tv PRIVMSG #agilities :agilW

2019-02-19_22:21:16 — :gingersnapss!gingersnapss@gingersnapss.tmi.twitch.tv PRIVMSG #agilities :agilW :handshake: dafranWut

2019-02-19_22:21:17 — :nuerora!nuerora@nuerora.tmi.twitch.tv PRIVMSG #agilities :oasis did you start this

2019-02-19_22:21:17 — :soyblackart!soyblackart@soyblackart.tmi.twitch.tv PRIVMSG #agilities :Squid1 Squid2 agilW Squid4

2019-02-19_22:21:18 — :mushroomgul42!mushroomgul42@mushroomgul42.tmi.twitch.tv PRIVMSG #agilities :then you win

2019-02-19_22:21:21 — :maeyamada!maeyamada@maeyamada.tmi.twitch.tv PRIVMSG #agilities :PogChamp

2019-02-19_22:21:21 — :gan0919!gan0919@gan0919.tmi.twitch.tv PRIVMSG #agilities :dafranWut dafranWut

2019-02-19_22:21:22 — :xhigan!xhigan@xhigan.tmi.twitch.tv PRIVMSG #agilities :agilGengu agilGengu agilGengu agilGengu

2019-02-19_22:21:23 — :theycallmepaul928!theycallmepaul928@theycallmepaul928.tmi.twitch.tv PRIVMSG #agilities :i feel so left out

2019-02-19_22:21:26 — :foulertime!foulertime@foulertime.tmi.twitch.tv PRIVMSG #agilities :8k damage 2 elims looks like goats FeelsBadMan

2019-02-19_22:21:26 — :herpin2daderpin!herpin2daderpin@herpin2daderpin.tmi.twitch.tv PRIVMSG #agilities :oasis agilW Clap

2019-02-19_22:21:26 — :oasisonoverwatch!oasisonoverwatch@oasisonoverwatch.tmi.twitch.tv PRIVMSG #agilities :join us @maeyamada agilW

2019-02-19_22:21:26 — :mushroomgul42!mushroomgul42@mushroomgul42.tmi.twitch.tv PRIVMSG #agilities :OASIS :O

2019-02-19_22:21:27 — :soyblackart!soyblackart@soyblackart.tmi.twitch.tv PRIVMSG #agilities :agilW agilW agilW agilW agilW agilW agilW agilW agilW agilW agilW agilW agilW agilW agilW agilW agilW

2019-02-19_22:21:27 — :acruxovoxo!acruxovoxo@acruxovoxo.tmi.twitch.tv PRIVMSG #agilities :idk whats happening but agilW agilW agilW agilW

2019-02-19_22:21:27 — :draconic__!draconic__@draconic__.tmi.twitch.tv PRIVMSG #agilities :@maeyamada just get it agilW

2019-02-19_22:21:32 — :maeyamada!maeyamada@maeyamada.tmi.twitch.tv PRIVMSG #agilities :agilW agilW agilW agilW agilW agilW agilW agilW agilW

2019-02-19_22:21:32 — :zg9064!zg9064@zg9064.tmi.twitch.tv PRIVMSG #agilities :I started this

2019-02-19_22:21:33 — :mushroomgul42!mushroomgul42@mushroomgul42.tmi.twitch.tv PRIVMSG #agilities :agilW agilW agilW

2019-02-19_22:21:33 — :wonlee21!wonlee21@wonlee21.tmi.twitch.tv PRIVMSG #agilities :i have this one calvinHA

2019-02-19_22:21:34 — :justchillabit!justchillabit@justchillabit.tmi.twitch.tv PRIVMSG #agilities :agilW agilW

2019-02-19_22:21:34 — :xhigan!xhigan@xhigan.tmi.twitch.tv PRIVMSG #agilities :agilW agilW agilW agilW agilW agilW agilW agilW

2019-02-19_22:21:36 — :foulertime!foulertime@foulertime.tmi.twitch.tv PRIVMSG #agilities :agilW 7

2019-02-19_22:21:37 — :rebvalla!rebvalla@rebvalla.tmi.twitch.tv PRIVMSG #agilities :MercyWing1 agilW MercyWing2

2019-02-19_22:21:39 — :zg9064!zg9064@zg9064.tmi.twitch.tv PRIVMSG #agilities :keep building the barrier agilW

2019-02-19_22:21:40 — :nozkke!nozkke@nozkke.tmi.twitch.tv PRIVMSG #agilities :agilW agilW agilW agilW

2019-02-19_22:21:42 — :debariso!debariso@debariso.tmi.twitch.tv PRIVMSG #agilities :agilW m0xyShake kragieWot

2019-02-19_22:21:43 — :skillssage!skillssage@skillssage.tmi.twitch.tv PRIVMSG #agilities :agilW agilW agilW agilW

2019-02-19_22:21:43 — :bluefurryninja!bluefurryninja@bluefurryninja.tmi.twitch.tv PRIVMSG #agilities :agilities for the win

2019-02-19_22:21:45 — :windfall89!windfall89@windfall89.tmi.twitch.tv PRIVMSG #agilities :but why...

2019-02-19_22:21:45 — :xhigan!xhigan@xhigan.tmi.twitch.tv PRIVMSG #agilities :agilW agilW agilH agilH agilW agilW agilW agilW

2019-02-19_22:21:47 — :dreadplaysgames!dreadplaysgames@dreadplaysgames.tmi.twitch.tv PRIVMSG #agilities :agilities when engaging on Backline targets as sombra should I always go for hack first or should I just shoot?

2019-02-19_22:21:48 — :draconic__!draconic__@draconic__.tmi.twitch.tv PRIVMSG #agilities :agilW agilW agilW agilW agilW agilW agilW agilW agilW agilW agilW agilW agilW agilW agilW agilW agilW agilW agilW agilW agilW agilW agilW agilW agilW agilW agilW agilW agilW

2019-02-19_22:21:53 — :nuerora!nuerora@nuerora.tmi.twitch.tv PRIVMSG #agilities :agilWeeb

2019-02-19_22:21:53 — :mushroomgul42!mushroomgul42@mushroomgul42.tmi.twitch.tv PRIVMSG #agilities :@windfall89 agilW agilW agilW agilW agilW

2019-02-19_22:21:53 — :herpin2daderpin!herpin2daderpin@herpin2daderpin.tmi.twitch.tv PRIVMSG #agilities :WHA

2019-02-19_22:21:58 — :zg9064!zg9064@zg9064.tmi.twitch.tv PRIVMSG #agilities :agilW agilW agilW agilW agilW agilW

2019-02-19_22:21:58 — :soyblackart!soyblackart@soyblackart.tmi.twitch.tv PRIVMSG #agilities :Squid1 Squid2 Squid4 agilW

2019-02-19_22:21:59 — :foulertime!foulertime@foulertime.tmi.twitch.tv PRIVMSG #agilities :agilW agilW agilW agilW agilW agilW agilW agilW agilW

2019-02-19_22:22:00 — :rebvalla!rebvalla@rebvalla.tmi.twitch.tv PRIVMSG #agilities :no agilW

2019-02-19_22:22:00 — :xhigan!xhigan@xhigan.tmi.twitch.tv PRIVMSG #agilities :agilW agilW agilW agilW agilGengu agilGengu agilH agilH agilH agilFail

2019-02-19_22:22:04 — :maeyamada!maeyamada@maeyamada.tmi.twitch.tv PRIVMSG #agilities :agilW agilW agilW agilW agilW agilW agilW agilW agilW agilW agilW agilW agilW

2019-02-19_22:22:05 — :stackallister!stackallister@stackallister.tmi.twitch.tv PRIVMSG #agilities :i'll sub for agilMood

2019-02-19_22:22:05 — :draconic__!draconic__@draconic__.tmi.twitch.tv PRIVMSG #agilities :agilW

2019-02-19_22:22:08 — :kc29!kc29@kc29.tmi.twitch.tv PRIVMSG #agilities :Why is this happening again?

2019-02-19_22:22:13 — :xhigan!xhigan@xhigan.tmi.twitch.tv PRIVMSG #agilities :yesssssss agilW agilW agilW agilW

2019-02-19_22:22:14 — :mushroomgul42!mushroomgul42@mushroomgul42.tmi.twitch.tv PRIVMSG #agilities :put AgilHappy

2019-02-19_22:22:16 — :mushroomgul42!mushroomgul42@mushroomgul42.tmi.twitch.tv PRIVMSG #agilities :agilW

2019-02-19_22:22:17 — :soyblackart!soyblackart@soyblackart.tmi.twitch.tv PRIVMSG #agilities :Squid1 Squid2 agilW Squid4

2019-02-19_22:22:17 — :nozkke!nozkke@nozkke.tmi.twitch.tv PRIVMSG #agilities :agilW AquamanGG

2019-02-19_22:22:17 — :nuerora!nuerora@nuerora.tmi.twitch.tv PRIVMSG #agilities :agilGengu

2019-02-19_22:22:20 — :ali_faez!ali_faez@ali_faez.tmi.twitch.tv PRIVMSG #agilities :why no one gift me a sub :pensive_face:

2019-02-19_22:22:20 — :soyblackart!soyblackart@soyblackart.tmi.twitch.tv PRIVMSG #agilities :Squid1 Squid2 agilW Squid4 Squid1 Squid2 agilW Squid4

2019-02-19_22:22:21 — :foulertime!foulertime@foulertime.tmi.twitch.tv PRIVMSG #agilities :agilW agilW agilW agilW agilW agilW agilW agilW agilW agilW

2019-02-19_22:22:23 — :soyblackart!soyblackart@soyblackart.tmi.twitch.tv PRIVMSG #agilities :Squid1 Squid2 agilW Squid4

2019-02-19_22:22:26 — :herpin2daderpin!herpin2daderpin@herpin2daderpin.tmi.twitch.tv PRIVMSG #agilities :agilAHHH

2019-02-19_22:22:30 — :mushroomgul42!mushroomgul42@mushroomgul42.tmi.twitch.tv PRIVMSG #agilities :MercyWing1 PinkMercy MercyWing2

2019-02-19_22:22:31 — :soyblackart!soyblackart@soyblackart.tmi.twitch.tv PRIVMSG #agilities :Squid1 Squid2 agilW Squid4 Squid1 Squid2 agilW Squid4 Squid1 Squid2 agilW Squid4

2019-02-19_22:22:32 — :nuerora!nuerora@nuerora.tmi.twitch.tv PRIVMSG #agilities :yes herp

2019-02-19_22:22:34 — :soyblackart!soyblackart@soyblackart.tmi.twitch.tv PRIVMSG #agilities :XD

2019-02-19_22:22:36 — :foulertime!foulertime@foulertime.tmi.twitch.tv PRIVMSG #agilities :agilW / \ xqcE

2019-02-19_22:22:37 — :herpin2daderpin!herpin2daderpin@herpin2daderpin.tmi.twitch.tv PRIVMSG #agilities :come on chat we need some idea

2019-02-19_22:22:38 — :windfall89!windfall89@windfall89.tmi.twitch.tv PRIVMSG #agilities :agilChipotle

2019-02-19_22:22:39 — :zg9064!zg9064@zg9064.tmi.twitch.tv PRIVMSG #agilities :agilF

2019-02-19_22:22:39 — :mushroomgul42!mushroomgul42@mushroomgul42.tmi.twitch.tv PRIVMSG #agilities :MercyWing1 agilW MercyWing2

2019-02-19_22:22:41 — :herpin2daderpin!herpin2daderpin@herpin2daderpin.tmi.twitch.tv PRIVMSG #agilities :pls agilW

2019-02-19_22:22:42 — :debariso!debariso@debariso.tmi.twitch.tv PRIVMSG #agilities :kragie1 agilW agilW agilW agilW agilW kragie2

2019-02-19_22:22:44 — :oasisonoverwatch!oasisonoverwatch@oasisonoverwatch.tmi.twitch.tv PRIVMSG #agilities :more grim emotes please agilW

2019-02-19_22:22:44 — :xhigan!xhigan@xhigan.tmi.twitch.tv PRIVMSG #agilities :FBPass agilW FBBlock

2019-02-19_22:22:50 — :windfall89!windfall89@windfall89.tmi.twitch.tv PRIVMSG #agilities :agilWings agilOut

2019-02-19_22:22:52 — :mushroomgul42!mushroomgul42@mushroomgul42.tmi.twitch.tv PRIVMSG #agilities :agilG agilG agilG agilG agilG

2019-02-19_22:22:55 — :zg9064!zg9064@zg9064.tmi.twitch.tv PRIVMSG #agilities :agilGOATS

2019-02-19_22:23:00 — :perhona123!perhona123@perhona123.tmi.twitch.tv PRIVMSG #agilities :sureW

2019-02-19_22:23:00 — :zg9064!zg9064@zg9064.tmi.twitch.tv PRIVMSG #agilities :but it's just a trash can

2019-02-19_22:23:02 — :skillssage!skillssage@skillssage.tmi.twitch.tv PRIVMSG #agilities :FBPass agilW FBBlock

2019-02-19_22:23:03 — :herpin2daderpin!herpin2daderpin@herpin2daderpin.tmi.twitch.tv PRIVMSG #agilities :i want to combo emotes

2019-02-19_22:23:04 — :maeyamada!maeyamada@maeyamada.tmi.twitch.tv PRIVMSG #agilities :no longer a pleb agilW

2019-02-19_22:23:05 — :windfall89!windfall89@windfall89.tmi.twitch.tv PRIVMSG #agilities :agilDPS

2019-02-19_22:23:07 — :soyblackart!soyblackart@soyblackart.tmi.twitch.tv PRIVMSG #agilities :agilCat

2019-02-19_22:23:09 — :draconic__!draconic__@draconic__.tmi.twitch.tv PRIVMSG #agilities :FBRun agilW FBBlock

2019-02-19_22:23:12 — :herpin2daderpin!herpin2daderpin@herpin2daderpin.tmi.twitch.tv PRIVMSG #agilities :lmao

2019-02-19_22:23:12 — :rebvalla!rebvalla@rebvalla.tmi.twitch.tv PRIVMSG #agilities :seagW1 agilW seagW2

2019-02-19_22:23:14 — :soyblackart!soyblackart@soyblackart.tmi.twitch.tv PRIVMSG #agilities :AgilBrig

2019-02-19_22:23:16 — :nozkke!nozkke@nozkke.tmi.twitch.tv PRIVMSG #agilities :PowerUpL agilW PowerUpR

2019-02-19_22:23:21 — :mushroomgul42!mushroomgul42@mushroomgul42.tmi.twitch.tv PRIVMSG #agilities :MercyWing1 agilG MercyWing2

2019-02-19_22:23:24 — :debariso!debariso@debariso.tmi.twitch.tv PRIVMSG #agilities :MercyWing1 agilW MercyWing2

2019-02-19_22:23:35 — :skillssage!skillssage@skillssage.tmi.twitch.tv PRIVMSG #agilities :FBRun agilW FBBlock

2019-02-19_22:23:45 — :nuerora!nuerora@nuerora.tmi.twitch.tv PRIVMSG #agilities :MercyWing1 agilG MercyWing2

2019-02-19_22:23:49 — :dablueduck!dablueduck@dablueduck.tmi.twitch.tv PRIVMSG #agilities :OWL2019VAL1 agilW OWL2019VAL2

2019-02-19_22:23:51 — :soyblackart!soyblackart@soyblackart.tmi.twitch.tv PRIVMSG #agilities :agilW AquamanGG

2019-02-19_22:24:00 — :soyblackart!soyblackart@soyblackart.tmi.twitch.tv PRIVMSG #agilities :AgilAquaman

2019-02-19_22:24:03 — :its_xerxes!its_xerxes@its_xerxes.tmi.twitch.tv PRIVMSG #agilities :agilW redsStab

2019-02-19_22:24:05 — :debariso!debariso@debariso.tmi.twitch.tv PRIVMSG #agilities :m0xyArm1 agilW m0xyArm2

2019-02-19_22:24:08 — :nozkke!nozkke@nozkke.tmi.twitch.tv PRIVMSG #agilities :agilW FBCatch agilG

2019-02-19_22:24:08 — :herpin2daderpin!herpin2daderpin@herpin2daderpin.tmi.twitch.tv PRIVMSG #agilities :@its_xerxes agilS

2019-02-19_22:24:09 — :soyblackart!soyblackart@soyblackart.tmi.twitch.tv PRIVMSG #agilities :LOL

2019-02-19_22:24:10 — :windfall89!windfall89@windfall89.tmi.twitch.tv PRIVMSG #agilities :agilFlex

2019-02-19_22:24:11 — :skillssage!skillssage@skillssage.tmi.twitch.tv PRIVMSG #agilities :FBRun agilW PowerUpR

2019-02-19_22:24:14 — :zg9064!zg9064@zg9064.tmi.twitch.tv PRIVMSG #agilities :agilGun

2019-02-19_22:24:16 — :sweetdave__!sweetdave__@sweetdave__.tmi.twitch.tv PRIVMSG #agilities :Sick twizzler bro

2019-02-19_22:24:25 — :zg9064!zg9064@zg9064.tmi.twitch.tv PRIVMSG #agilities :agilStab

2019-02-19_22:24:26 — :soyblackart!soyblackart@soyblackart.tmi.twitch.tv PRIVMSG #agilities :agilW DrinkPurple

2019-02-19_22:24:29 — :windfall89!windfall89@windfall89.tmi.twitch.tv PRIVMSG #agilities :agilGraduatefromhighschool

2019-02-19_22:24:32 — :its_xerxes!its_xerxes@its_xerxes.tmi.twitch.tv PRIVMSG #agilities :@Herpin2daDerpin agilW redsStab :backhand_index_pointing_right_dark_skin_tone: @Herpin2daDerpin

2019-02-19_22:24:33 — :skillssage!skillssage@skillssage.tmi.twitch.tv PRIVMSG #agilities :xqcArm1 agilW xqcArm2

2019-02-19_22:24:37 — :zg9064!zg9064@zg9064.tmi.twitch.tv PRIVMSG #agilities :agilSip

2019-02-19_22:24:38 — :xhigan!xhigan@xhigan.tmi.twitch.tv PRIVMSG #agilities :FBBlock

2019-02-19_22:24:39 — :rebvalla!rebvalla@rebvalla.tmi.twitch.tv PRIVMSG #agilities :agilW :selfie:

2019-02-19_22:24:39 — :herpin2daderpin!herpin2daderpin@herpin2daderpin.tmi.twitch.tv PRIVMSG #agilities :monkaMEGA

2019-02-19_22:24:40 — :zg9064!zg9064@zg9064.tmi.twitch.tv PRIVMSG #agilities :agilThump

2019-02-19_22:24:43 — :draconic__!draconic__@draconic__.tmi.twitch.tv PRIVMSG #agilities :MercyWing1 agilW MercyWing2

2019-02-19_22:24:45 — :its_xerxes!its_xerxes@its_xerxes.tmi.twitch.tv PRIVMSG #agilities :redsFast

2019-02-19_22:24:46 — :windfall89!windfall89@windfall89.tmi.twitch.tv PRIVMSG #agilities :agilWHY

2019-02-19_22:24:52 — :debariso!debariso@debariso.tmi.twitch.tv PRIVMSG #agilities :agilPlayingBrig247

2019-02-19_22:24:53 — :soyblackart!soyblackart@soyblackart.tmi.twitch.tv PRIVMSG #agilities :AgilDude

2019-02-19_22:24:53 — :sweetdave__!sweetdave__@sweetdave__.tmi.twitch.tv PRIVMSG #agilities :But actually str8 god movement

2019-02-19_22:24:58 — :sweetdave__!sweetdave__@sweetdave__.tmi.twitch.tv PRIVMSG #agilities :Highkey

2019-02-19_22:24:58 — :its_xerxes!its_xerxes@its_xerxes.tmi.twitch.tv PRIVMSG #agilities :redsF

2019-02-19_22:25:00 — :herpin2daderpin!herpin2daderpin@herpin2daderpin.tmi.twitch.tv PRIVMSG #agilities :agil D colon

2019-02-19_22:25:00 — :windfall89!windfall89@windfall89.tmi.twitch.tv PRIVMSG #agilities :agilKariv

2019-02-19_22:25:08 — :soyblackart!soyblackart@soyblackart.tmi.twitch.tv PRIVMSG #agilities :AgilKariiiiiiiiiv

2019-02-19_22:25:11 — :soyblackart!soyblackart@soyblackart.tmi.twitch.tv PRIVMSG #agilities :@windfall89 omg ahahahah

2019-02-19_22:25:18 — :windfall89!windfall89@windfall89.tmi.twitch.tv PRIVMSG #agilities :agilAgil

2019-02-19_22:25:20 — :rebvalla!rebvalla@rebvalla.tmi.twitch.tv PRIVMSG #agilities :agilPride

2019-02-19_22:25:26 — :soyblackart!soyblackart@soyblackart.tmi.twitch.tv PRIVMSG #agilities :agilValla

2019-02-19_22:25:26 — :xhigan!xhigan@xhigan.tmi.twitch.tv PRIVMSG #agilities :FBCatch agilW

2019-02-19_22:25:34 — :nuerora!nuerora@nuerora.tmi.twitch.tv PRIVMSG #agilities :noobtuber9 emote when

2019-02-19_22:25:35 — :soyblackart!soyblackart@soyblackart.tmi.twitch.tv PRIVMSG #agilities :agilSad

2019-02-19_22:25:36 — :xhigan!xhigan@xhigan.tmi.twitch.tv PRIVMSG #agilities :agilW FBCatch

2019-02-19_22:25:36 — :zg9064!zg9064@zg9064.tmi.twitch.tv PRIVMSG #agilities :agilF4

2019-02-19_22:25:42 — :windfall89!windfall89@windfall89.tmi.twitch.tv PRIVMSG #agilities :we are providing this man a goldmine of ideas

2019-02-19_22:25:54 — :zg9064!zg9064@zg9064.tmi.twitch.tv PRIVMSG #agilities :and he's not paying attention to us at all

2019-02-19_22:25:55 — :mushroomgul42!mushroomgul42@mushroomgul42.tmi.twitch.tv PRIVMSG #agilities :agilscooter

2019-02-19_22:25:56 — :herpin2daderpin!herpin2daderpin@herpin2daderpin.tmi.twitch.tv PRIVMSG #agilities :LUL

2019-02-19_22:25:56 — :rebvalla!rebvalla@rebvalla.tmi.twitch.tv PRIVMSG #agilities :agilHAA

2019-02-19_22:26:00 — :maeyamada!maeyamada@maeyamada.tmi.twitch.tv PRIVMSG #agilities :REIN WutFace

2019-02-19_22:26:00 — :xhigan!xhigan@xhigan.tmi.twitch.tv PRIVMSG #agilities :OWL2019marionette

2019-02-19_22:26:01 — :soyblackart!soyblackart@soyblackart.tmi.twitch.tv PRIVMSG #agilities :AgilDarkSouls

2019-02-19_22:26:02 — :izok73!izok73@izok73.tmi.twitch.tv PRIVMSG #agilities :LUL

2019-02-19_22:26:03 — :foulertime!foulertime@foulertime.tmi.twitch.tv PRIVMSG #agilities :LULW

2019-02-19_22:26:04 — :herpin2daderpin!herpin2daderpin@herpin2daderpin.tmi.twitch.tv PRIVMSG #agilities :agilAHH is one i want

2019-02-19_22:26:06 — :its_xerxes!its_xerxes@its_xerxes.tmi.twitch.tv PRIVMSG #agilities :i think alt f4 is my favorite key combo cause you never know what its gonna do

2019-02-19_22:26:07 — :herpin2daderpin!herpin2daderpin@herpin2daderpin.tmi.twitch.tv PRIVMSG #agilities :agilRage

2019-02-19_22:26:13 — :dablueduck!dablueduck@dablueduck.tmi.twitch.tv PRIVMSG #agilities :agilLUL

2019-02-19_22:26:14 — :windfall89!windfall89@windfall89.tmi.twitch.tv PRIVMSG #agilities :agilOW

2019-02-19_22:26:15 — :mushroomgul42!mushroomgul42@mushroomgul42.tmi.twitch.tv PRIVMSG #agilities :SumSmash

2019-02-19_22:26:16 — :foulertime!foulertime@foulertime.tmi.twitch.tv PRIVMSG #agilities :agilFeed agilC

2019-02-19_22:26:20 — :mushroomgul42!mushroomgul42@mushroomgul42.tmi.twitch.tv PRIVMSG #agilities :AgilSmash

2019-02-19_22:26:23 — :zg9064!zg9064@zg9064.tmi.twitch.tv PRIVMSG #agilities :agilYoinkers

2019-02-19_22:26:31 — :jma18!jma18@jma18.tmi.twitch.tv PRIVMSG #agilities :!song

2019-02-19_22:26:32 — :nightbot!nightbot@nightbot.tmi.twitch.tv PRIVMSG #agilities :He doesn't have a command for songs but he has a playlist! Type !playlist

2019-02-19_22:26:32 — :rebvalla!rebvalla@rebvalla.tmi.twitch.tv PRIVMSG #agilities :agilGASM

2019-02-19_22:26:34 — :soyblackart!soyblackart@soyblackart.tmi.twitch.tv PRIVMSG #agilities :agilDrunk

2019-02-19_22:26:34 — :nuerora!nuerora@nuerora.tmi.twitch.tv PRIVMSG #agilities :agilYoinkies

2019-02-19_22:26:41 — :jma18!jma18@jma18.tmi.twitch.tv PRIVMSG #agilities :!playlist

2019-02-19_22:26:41 — :nightbot!nightbot@nightbot.tmi.twitch.tv PRIVMSG #agilities :https://open.spotify.com/playlist/77KDsvCCdAvMY7rhgovQOf?si=SVP4SDPxT5SwTYVyQ1shzA

2019-02-19_22:26:42 — :smallpeenlifev2!smallpeenlifev2@smallpeenlifev2.tmi.twitch.tv PRIVMSG #agilities :!playlist

2019-02-19_22:26:46 — :xhigan!xhigan@xhigan.tmi.twitch.tv PRIVMSG #agilities :PowerUpL agilW PowerUpR

2019-02-19_22:26:46 — :soyblackart!soyblackart@soyblackart.tmi.twitch.tv PRIVMSG #agilities :agilNoToxic

2019-02-19_22:26:47 — :aquazard246!aquazard246@aquazard246.tmi.twitch.tv PRIVMSG #agilities :G OMEGALUL A T S

2019-02-19_22:26:48 — :swreetak!swreetak@swreetak.tmi.twitch.tv PRIVMSG #agilities :TEAM KILL

2019-02-19_22:26:51 — :its_xerxes!its_xerxes@its_xerxes.tmi.twitch.tv PRIVMSG #agilities :g WeirdChamp a t s

2019-02-19_22:26:54 — :are_you_for_reals!are_you_for_reals@are_you_for_reals.tmi.twitch.tv PRIVMSG #agilities :OWLhammerdown

2019-02-19_22:26:57 — :mystic1cnc!mystic1cnc@mystic1cnc.tmi.twitch.tv PRIVMSG #agilities :g LUL oats

2019-02-19_22:26:57 — :maeyamada!maeyamada@maeyamada.tmi.twitch.tv PRIVMSG #agilities :G ResidentSleeper A T S

2019-02-19_22:26:59 — :debariso!debariso@debariso.tmi.twitch.tv PRIVMSG #agilities :JUST GO GOATS BRO PogU

2019-02-19_22:27:00 — :soyblackart!soyblackart@soyblackart.tmi.twitch.tv PRIVMSG #agilities :agilFlex

2019-02-19_22:27:04 — :windfall89!windfall89@windfall89.tmi.twitch.tv PRIVMSG #agilities :agilities abides by the law and wouldn't drink underage

2019-02-19_22:27:06 — :zg9064!zg9064@zg9064.tmi.twitch.tv PRIVMSG #agilities :I'm telling you, agilGOATS, but it's just a trash can

2019-02-19_22:27:06 — :chumbojumbo!chumbojumbo@chumbojumbo.tmi.twitch.tv PRIVMSG #agilities :ResidentSleeper

2019-02-19_22:27:10 — :stackallister!stackallister@stackallister.tmi.twitch.tv PRIVMSG #agilities :is goats meta longer than moth meta by now?

2019-02-19_22:27:11 — :maeyamada!maeyamada@maeyamada.tmi.twitch.tv PRIVMSG #agilities :what is this the owl DansGame

2019-02-19_22:27:12 — :bootysmashing!bootysmashing@bootysmashing.tmi.twitch.tv PRIVMSG #agilities :G Kreygasm ats

2019-02-19_22:27:12 — :steamyelephant!steamyelephant@steamyelephant.tmi.twitch.tv PRIVMSG #agilities :Go goats to win 4Head

2019-02-19_22:27:14 — :foulertime!foulertime@foulertime.tmi.twitch.tv PRIVMSG #agilities :being able to play brig while drunk just shows how dumb the character is

2019-02-19_22:27:40 — :xhigan!xhigan@xhigan.tmi.twitch.tv PRIVMSG #agilities :PowerUpL agilW PowerUpR

2019-02-19_22:27:43 — :soyblackart!soyblackart@soyblackart.tmi.twitch.tv PRIVMSG #agilities :agilWTF

2019-02-19_22:27:44 — :nuerora!nuerora@nuerora.tmi.twitch.tv PRIVMSG #agilities :MaN

2019-02-19_22:27:50 — :zg9064!zg9064@zg9064.tmi.twitch.tv PRIVMSG #agilities :agilMaN

2019-02-19_22:28:00 — :foulertime!foulertime@foulertime.tmi.twitch.tv PRIVMSG #agilities :17 damage 10 elims

2019-02-19_22:28:03 — :xhigan!xhigan@xhigan.tmi.twitch.tv PRIVMSG #agilities :PowerUpL agilThinking PowerUpR

2019-02-19_22:28:03 — :foulertime!foulertime@foulertime.tmi.twitch.tv PRIVMSG #agilities :17k

2019-02-19_22:28:05 — :kiranou!kiranou@kiranou.tmi.twitch.tv PRIVMSG #agilities :agilFeed agilFeed

2019-02-19_22:28:21 — :debariso!debariso@debariso.tmi.twitch.tv PRIVMSG #agilities :I think goats is a lot of fun change my mind chat :)

2019-02-19_22:28:28 — :soyblackart!soyblackart@soyblackart.tmi.twitch.tv PRIVMSG #agilities :noice

2019-02-19_22:28:34 — :soyblackart!soyblackart@soyblackart.tmi.twitch.tv PRIVMSG #agilities :agilCarry

2019-02-19_22:28:36 — :swreetak!swreetak@swreetak.tmi.twitch.tv PRIVMSG #agilities :Pog

2019-02-19_22:28:57 — :dablueduck!dablueduck@dablueduck.tmi.twitch.tv PRIVMSG #agilities :agilPog

2019-02-19_22:29:00 — :agilitiesovo!agilitiesovo@agilitiesovo.tmi.twitch.tv PRIVMSG #agilities :VoHiYo VoHiYo VoHiYo VoHiYo

2019-02-19_22:29:01 — :mayo50g!mayo50g@mayo50g.tmi.twitch.tv PRIVMSG #agilities :what means noobtuber9?

2019-02-19_22:29:01 — :nozkke!nozkke@nozkke.tmi.twitch.tv PRIVMSG #agilities :POG

2019-02-19_22:29:02 — :xhigan!xhigan@xhigan.tmi.twitch.tv PRIVMSG #agilities :PowerUpL agilW PowerUpR

2019-02-19_22:29:06 — :chumbojumbo!chumbojumbo@chumbojumbo.tmi.twitch.tv PRIVMSG #agilities :This man should get into overwatch league! Kappa

2019-02-19_22:29:14 — :nuerora!nuerora@nuerora.tmi.twitch.tv PRIVMSG #agilities :it's fun when you get kills agilW

2019-02-19_22:29:26 — :herpin2daderpin!herpin2daderpin@herpin2daderpin.tmi.twitch.tv PRIVMSG #agilities :wha

2019-02-19_22:29:35 — :agilitiesovo!agilitiesovo@agilitiesovo.tmi.twitch.tv PRIVMSG #agilities :he be in

2019-02-19_22:29:44 — :soyblackart!soyblackart@soyblackart.tmi.twitch.tv PRIVMSG #agilities :@chumbojumbo ahhaha i agree

2019-02-19_22:29:53 — :soyblackart!soyblackart@soyblackart.tmi.twitch.tv PRIVMSG #agilities :agiEZ

2019-02-19_22:29:56 — :jounindxdd!jounindxdd@jounindxdd.tmi.twitch.tv PRIVMSG #agilities :Hi

2019-02-19_22:30:11 — :rebvalla!rebvalla@rebvalla.tmi.twitch.tv PRIVMSG #agilities :agilSmug

2019-02-19_22:30:19 — :xhigan!xhigan@xhigan.tmi.twitch.tv PRIVMSG #agilities :hi

2019-02-19_22:30:20 — :soyblackart!soyblackart@soyblackart.tmi.twitch.tv PRIVMSG #agilities :LOL

2019-02-19_22:30:27 — :aunilia!aunilia@aunilia.tmi.twitch.tv PRIVMSG #agilities :hiiiiiiiiiiii

2019-02-19_22:30:53 — :xlgamer03!xlgamer03@xlgamer03.tmi.twitch.tv PRIVMSG #agilities :hey

2019-02-19_22:30:56 — :cmonbruthr!cmonbruthr@cmonbruthr.tmi.twitch.tv PRIVMSG #agilities :avoid wub lmao

2019-02-19_22:31:01 — :soyblackart!soyblackart@soyblackart.tmi.twitch.tv PRIVMSG #agilities :nooooo

2019-02-19_22:31:10 — :soyblackart!soyblackart@soyblackart.tmi.twitch.tv PRIVMSG #agilities :agilAvoid

2019-02-19_22:31:12 — :rebvalla!rebvalla@rebvalla.tmi.twitch.tv PRIVMSG #agilities :agilGG

2019-02-19_22:31:14 — :sweetdave__!sweetdave__@sweetdave__.tmi.twitch.tv PRIVMSG #agilities :But fishcake on hanzo on defense was a solid FeelsBadMan

2019-02-19_22:31:16 — :debariso!debariso@debariso.tmi.twitch.tv PRIVMSG #agilities :m0xyArm1 agilW m0xyArm2

2019-02-19_22:31:21 — :swreetak!swreetak@swreetak.tmi.twitch.tv PRIVMSG #agilities :4-5

2019-02-19_22:31:26 — :agilitiesovo!agilitiesovo@agilitiesovo.tmi.twitch.tv PRIVMSG #agilities :gggggggggggggggggggggggggggggggggggggggggggggg

2019-02-19_22:31:30 — :bluefurryninja!bluefurryninja@bluefurryninja.tmi.twitch.tv PRIVMSG #agilities :unlucky

2019-02-19_22:31:30 — :mikhan98!mikhan98@mikhan98.tmi.twitch.tv PRIVMSG #agilities :@agilities avoid wub ?

2019-02-19_22:31:35 — :cmonbruthr!cmonbruthr@cmonbruthr.tmi.twitch.tv PRIVMSG #agilities :LUL

2019-02-19_22:31:38 — :xlgamer03!xlgamer03@xlgamer03.tmi.twitch.tv PRIVMSG #agilities :how are you?

2019-02-19_22:31:41 — :swreetak!swreetak@swreetak.tmi.twitch.tv PRIVMSG #agilities :4-5 Update

2019-02-19_22:31:42 — :cmonbruthr!cmonbruthr@cmonbruthr.tmi.twitch.tv PRIVMSG #agilities :wub is kinda monkaS

