2019-02-25_19:54:12 — :tmi.twitch.tv 001 anth003 :Welcome, GLHF!
:tmi.twitch.tv 002 anth003 :Your host is tmi.twitch.tv
:tmi.twitch.tv 003 anth003 :This server is rather new
:tmi.twitch.tv 004 anth003 :-
:tmi.twitch.tv 375 anth003 :-
:tmi.twitch.tv 372 anth003 :You are in a maze of twisty passages, all alike.
:tmi.twitch.tv 376 anth003 :>

2019-02-25_19:54:12 — :anth003!anth003@anth003.tmi.twitch.tv JOIN #custa

2019-02-25_19:54:12 — :anth003.tmi.twitch.tv 353 anth003 = #custa :anth003
:anth003.tmi.twitch.tv 366 anth003 #custa :End of /NAMES list

2019-02-25_19:54:15 — :sikkly!sikkly@sikkly.tmi.twitch.tv PRIVMSG #custa :what is it 9 months now

2019-02-25_19:54:21 — :sphincter911!sphincter911@sphincter911.tmi.twitch.tv PRIVMSG #custa :@custa what needs to be changed to make GOATS not meta? or at least balanced with other comps

2019-02-25_19:54:24 — :bigoljigglies!bigoljigglies@bigoljigglies.tmi.twitch.tv PRIVMSG #custa :yea

2019-02-25_19:54:26 — :yamana_s!yamana_s@yamana_s.tmi.twitch.tv PRIVMSG #custa :I miss mercy meta :( #mercymain

2019-02-25_19:54:31 — :sixtwocee!sixtwocee@sixtwocee.tmi.twitch.tv PRIVMSG #custa :why are people always so pissed about stale metas in esports vs real sports?

2019-02-25_19:54:36 — :jylld!jylld@jylld.tmi.twitch.tv PRIVMSG #custa :Guys, the Spark exist. OWL can't die

2019-02-25_19:54:37 — :sabycat!sabycat@sabycat.tmi.twitch.tv PRIVMSG #custa :I shined in Mercy Meta hahaha but it felt lazy to play Mercy for so long

2019-02-25_19:54:44 — :sikkly!sikkly@sikkly.tmi.twitch.tv PRIVMSG #custa :@sixtwocee different expectations

2019-02-25_19:54:45 — :mizliz_!mizliz_@mizliz_.tmi.twitch.tv PRIVMSG #custa :it is pretty good viewership ngl

2019-02-25_19:54:45 — :carman359!carman359@carman359.tmi.twitch.tv PRIVMSG #custa :i like goats because it seems to have evened the playing field a bit. pretty much anyone can beat anyone

2019-02-25_19:54:47 — :kimischilling!kimischilling@kimischilling.tmi.twitch.tv PRIVMSG #custa :OWL literally has more viewers than LoL haha

2019-02-25_19:54:49 — :dibazzle!dibazzle@dibazzle.tmi.twitch.tv PRIVMSG #custa :@sabycat with cell phones now it’s almost impossible to pay attention to anything, unless you’re at a movie theater lol

2019-02-25_19:54:56 — :sabycat!sabycat@sabycat.tmi.twitch.tv PRIVMSG #custa :@jylld agreed

2019-02-25_19:54:59 — :mizliz_!mizliz_@mizliz_.tmi.twitch.tv PRIVMSG #custa :I think people tune in more for teams than gameplay but whatever works

2019-02-25_19:55:03 — :sabycat!sabycat@sabycat.tmi.twitch.tv PRIVMSG #custa :@dibazzle indeed!

2019-02-25_19:55:06 — :callabas!callabas@callabas.tmi.twitch.tv PRIVMSG #custa :COUGH COUGH HERO BANS COUGH COUGH

2019-02-25_19:55:07 — :duurg_ow!duurg_ow@duurg_ow.tmi.twitch.tv PRIVMSG #custa :a stale meta isn't all that bad, but it would be beneficial for players and viewers if it was more varied

2019-02-25_19:55:13 — :brilladia!brilladia@brilladia.tmi.twitch.tv PRIVMSG #custa :owl viewership ain't bad at all

2019-02-25_19:55:13 — :sikkly!sikkly@sikkly.tmi.twitch.tv PRIVMSG #custa :and honestly traditional sports tend to change a lot over time as well so

2019-02-25_19:55:18 — :kimischilling!kimischilling@kimischilling.tmi.twitch.tv PRIVMSG #custa :like 2 years ago everyone said Blizzard was overcharging for franchises and Riot was undercharging. Now OWL is bigger than LCS.

2019-02-25_19:55:23 — :bigoljigglies!bigoljigglies@bigoljigglies.tmi.twitch.tv PRIVMSG #custa :@KimIsChilling when lol is streaming matches they have more viewers then when overwatch streams owl

2019-02-25_19:55:30 — :youre_crying!youre_crying@youre_crying.tmi.twitch.tv PRIVMSG #custa :if youb look at how much of owls production cost was cut down you can tell its not living up to the expectations tbh

2019-02-25_19:55:30 — :sparrowz60!sparrowz60@sparrowz60.tmi.twitch.tv PRIVMSG #custa :I’m happy mercy is out of meta... made a lot of one trick mercy players drop out of gm ... I’m just waiting for goats to die out , all the gm brings losing their rank will be funny

2019-02-25_19:55:31 — :sethinator96!sethinator96@sethinator96.tmi.twitch.tv PRIVMSG #custa :support the players not the game fareehaSmart

2019-02-25_19:55:35 — :yamana_s!yamana_s@yamana_s.tmi.twitch.tv PRIVMSG #custa :hero bans are gonna revolutionize OWL

2019-02-25_19:55:43 — :kimischilling!kimischilling@kimischilling.tmi.twitch.tv PRIVMSG #custa :That's not true right now man, I was looking at the numbers side by side this weekend

2019-02-25_19:55:44 — :callabas!callabas@callabas.tmi.twitch.tv PRIVMSG #custa :WHATS LCS/

2019-02-25_19:55:45 — :callabas!callabas@callabas.tmi.twitch.tv PRIVMSG #custa :?

2019-02-25_19:55:50 — :mizliz_!mizliz_@mizliz_.tmi.twitch.tv PRIVMSG #custa :I honestly think more variation is coming with goats switches and chinese teams saying "what meta???"

2019-02-25_19:56:00 — :bigoljigglies!bigoljigglies@bigoljigglies.tmi.twitch.tv PRIVMSG #custa :@KimIsChilling i was too during a match

2019-02-25_19:56:01 — :doctorfuji!doctorfuji@doctorfuji.tmi.twitch.tv PRIVMSG #custa :I think the hero roster is still a bit small to call for hero bands

2019-02-25_19:56:07 — :bigoljigglies!bigoljigglies@bigoljigglies.tmi.twitch.tv PRIVMSG #custa :they had more viewers

2019-02-25_19:56:11 — :hexehexe!hexehexe@hexehexe.tmi.twitch.tv PRIVMSG #custa :not enough heroes for bans yet

2019-02-25_19:56:14 — :sikkly!sikkly@sikkly.tmi.twitch.tv PRIVMSG #custa :if they actually manage to release 5 heroes this year

2019-02-25_19:56:17 — :bigoljigglies!bigoljigglies@bigoljigglies.tmi.twitch.tv PRIVMSG #custa :at least when I was checking

2019-02-25_19:56:19 — :sikkly!sikkly@sikkly.tmi.twitch.tv PRIVMSG #custa :i think we can do hero bans for season 3

2019-02-25_19:56:20 — :adamdjendi!adamdjendi@adamdjendi.tmi.twitch.tv PRIVMSG #custa :ameng ball is so fun to watch

2019-02-25_19:56:25 — :kimischilling!kimischilling@kimischilling.tmi.twitch.tv PRIVMSG #custa :owl had 175k and lcs had 125k most of the weekend

2019-02-25_19:56:27 — :bigoljigglies!bigoljigglies@bigoljigglies.tmi.twitch.tv PRIVMSG #custa :^

2019-02-25_19:56:28 — :sparrowz60!sparrowz60@sparrowz60.tmi.twitch.tv PRIVMSG #custa :When does season end?

2019-02-25_19:56:31 — :takooo!takooo@takooo.tmi.twitch.tv PRIVMSG #custa :!subhype ccgeecee

2019-02-25_19:56:32 — :nightbot!nightbot@nightbot.tmi.twitch.tv PRIVMSG #custa :ccgeecee thank you for subbing custaHeart custaWow

2019-02-25_19:56:32 — :sikkly!sikkly@sikkly.tmi.twitch.tv PRIVMSG #custa :!subhype @ccgeecee

2019-02-25_19:56:37 — :takooo!takooo@takooo.tmi.twitch.tv PRIVMSG #custa :HAHAHA

2019-02-25_19:56:38 — :jylld!jylld@jylld.tmi.twitch.tv PRIVMSG #custa :Introduces hero bans, everyone bans hamster against Chengdu, we get more Goats

2019-02-25_19:56:39 — :sir_chaox!sir_chaox@sir_chaox.tmi.twitch.tv PRIVMSG #custa :thats so true

2019-02-25_19:56:41 — :bigoljigglies!bigoljigglies@bigoljigglies.tmi.twitch.tv PRIVMSG #custa :@KimIsChilling when i checked it had 180k

2019-02-25_19:56:42 — :sikkly!sikkly@sikkly.tmi.twitch.tv PRIVMSG #custa :proud of you tako

2019-02-25_19:56:45 — :sixtwocee!sixtwocee@sixtwocee.tmi.twitch.tv PRIVMSG #custa :brood war was the only true esport and shit stayed the same for years until players changed it

2019-02-25_19:56:46 — :sir_chaox!sir_chaox@sir_chaox.tmi.twitch.tv PRIVMSG #custa :custa 100% right

2019-02-25_19:56:52 — :takooo!takooo@takooo.tmi.twitch.tv PRIVMSG #custa :im proud of me too effWOW

2019-02-25_19:56:52 — :dibazzle!dibazzle@dibazzle.tmi.twitch.tv PRIVMSG #custa :Couldn’t they just limit limit of 2 choices per class to force 2-2-2?

2019-02-25_19:56:52 — :mako_24!mako_24@mako_24.tmi.twitch.tv PRIVMSG #custa :thank you for putting it in to words

2019-02-25_19:56:53 — :awildchocobo!awildchocobo@awildchocobo.tmi.twitch.tv PRIVMSG #custa :yup

2019-02-25_19:56:54 — :mizliz_!mizliz_@mizliz_.tmi.twitch.tv PRIVMSG #custa :geecee I guarantee he doesn't have enough butt for that ratio

2019-02-25_19:56:54 — :sikkly!sikkly@sikkly.tmi.twitch.tv PRIVMSG #custa :brood war did not stay the same

2019-02-25_19:56:59 — :sparrowz60!sparrowz60@sparrowz60.tmi.twitch.tv PRIVMSG #custa :Does anyone know when the season ends?

2019-02-25_19:56:59 — :battlechocobo!battlechocobo@battlechocobo.tmi.twitch.tv PRIVMSG #custa :Hi @Custa Hello chat

2019-02-25_19:57:05 — :mako_24!mako_24@mako_24.tmi.twitch.tv PRIVMSG #custa :people just dont understand it

2019-02-25_19:57:06 — :shinyflareons!shinyflareons@shinyflareons.tmi.twitch.tv PRIVMSG #custa :hey @custa what do you think of Baptiste?

2019-02-25_19:57:09 — :amvx!amvx@amvx.tmi.twitch.tv PRIVMSG #custa :Bans won't work until there is about an extra 20 characters IMO

2019-02-25_19:57:10 — :pocketdough!pocketdough@pocketdough.tmi.twitch.tv PRIVMSG #custa :Kapp

2019-02-25_19:57:16 — :sikkly!sikkly@sikkly.tmi.twitch.tv PRIVMSG #custa :brood war maps changed the meta massively every few months

2019-02-25_19:57:18 — :adamdjendi!adamdjendi@adamdjendi.tmi.twitch.tv PRIVMSG #custa :in 3 days @sparrowz60

2019-02-25_19:57:20 — :sabycat!sabycat@sabycat.tmi.twitch.tv PRIVMSG #custa :@Sir_Chaox according to the casters on OWL, Custa is old and wise , maybe that's why he's right LUL

2019-02-25_19:57:26 — :quitethedilemma!quitethedilemma@quitethedilemma.tmi.twitch.tv PRIVMSG #custa :Would there just be a hero ban meta that develops?

2019-02-25_19:57:39 — :sparrowz60!sparrowz60@sparrowz60.tmi.twitch.tv PRIVMSG #custa :Ty @adamdjendi I’m way to busy to hop on and check

2019-02-25_19:57:46 — :quitethedilemma!quitethedilemma@quitethedilemma.tmi.twitch.tv PRIVMSG #custa :So that the same heroes are consistently banned

2019-02-25_19:57:47 — :sikkly!sikkly@sikkly.tmi.twitch.tv PRIVMSG #custa :lucio pal

2019-02-25_19:57:47 — :maincy!maincy@maincy.tmi.twitch.tv PRIVMSG #custa :LUL

2019-02-25_19:57:48 — :jayp33live!jayp33live@jayp33live.tmi.twitch.tv PRIVMSG #custa :Lucio gets banned every game

2019-02-25_19:57:48 — :callabas!callabas@callabas.tmi.twitch.tv PRIVMSG #custa :@quitethedilemma dafuck no

2019-02-25_19:57:49 — :warlockk_tv!warlockk_tv@warlockk_tv.tmi.twitch.tv PRIVMSG #custa :OUTPLAYED

2019-02-25_19:57:50 — :jshun0126!jshun0126@jshun0126.tmi.twitch.tv PRIVMSG #custa :!Crosshair

2019-02-25_19:57:50 — :sikkly!sikkly@sikkly.tmi.twitch.tv PRIVMSG #custa :thats not how that works

2019-02-25_19:57:50 — :nightbot!nightbot@nightbot.tmi.twitch.tv PRIVMSG #custa :Crosshair settings here » https://bit.ly/2q855Kz

2019-02-25_19:57:50 — :ttrain610!ttrain610@ttrain610.tmi.twitch.tv PRIVMSG #custa :outplayed

2019-02-25_19:57:51 — :ccgeecee!ccgeecee@ccgeecee.tmi.twitch.tv PRIVMSG #custa :@mizliz_ his eyes are up

2019-02-25_19:57:55 — :sabycat!sabycat@sabycat.tmi.twitch.tv PRIVMSG #custa :that was some risky Lucio play

2019-02-25_19:57:58 — :yamana_s!yamana_s@yamana_s.tmi.twitch.tv PRIVMSG #custa :not really, league has hero bans and it changes things up

2019-02-25_19:57:59 — :dankswedishspicymemes!dankswedishspicymemes@dankswedishspicymemes.tmi.twitch.tv PRIVMSG #custa :how didnt that count for you?

2019-02-25_19:58:08 — :sir_chaox!sir_chaox@sir_chaox.tmi.twitch.tv PRIVMSG #custa :@Sabycat ya he is old :thinking_face:

2019-02-25_19:58:13 — :vaalnailo!vaalnailo@vaalnailo.tmi.twitch.tv PRIVMSG #custa :@Yamana_S league also has like 8- heroes

2019-02-25_19:58:23 — :vaalnailo!vaalnailo@vaalnailo.tmi.twitch.tv PRIVMSG #custa :*80

2019-02-25_19:58:23 — :sabycat!sabycat@sabycat.tmi.twitch.tv PRIVMSG #custa :Lucio is one of the most fun heroes to play honestly

2019-02-25_19:58:27 — :sikkly!sikkly@sikkly.tmi.twitch.tv PRIVMSG #custa :doesn't league have like 20 playable heroes at a time

2019-02-25_19:58:32 — :yamana_s!yamana_s@yamana_s.tmi.twitch.tv PRIVMSG #custa :NOW it does, but it used to be about the same as OW is now

2019-02-25_19:58:34 — :sir_chaox!sir_chaox@sir_chaox.tmi.twitch.tv PRIVMSG #custa :got em

2019-02-25_19:58:35 — :callabas!callabas@callabas.tmi.twitch.tv PRIVMSG #custa :@VaalNailo LUL LOL has morethen 100 heros

2019-02-25_19:58:37 — :sikkly!sikkly@sikkly.tmi.twitch.tv PRIVMSG #custa :and the rest are so dogshit they never see play time

2019-02-25_19:58:38 — :takooo!takooo@takooo.tmi.twitch.tv PRIVMSG #custa :what is this bully

2019-02-25_19:58:42 — :takooo!takooo@takooo.tmi.twitch.tv PRIVMSG #custa :sureCB

2019-02-25_19:58:44 — :sabycat!sabycat@sabycat.tmi.twitch.tv PRIVMSG #custa :@Sir_Chaox too bad I am the same old age FatLittleGuy

2019-02-25_19:58:58 — :vaalnailo!vaalnailo@vaalnailo.tmi.twitch.tv PRIVMSG #custa :@callabas i dont play LoL so i didnt know the exact number, just that it was high, lol

2019-02-25_19:58:58 — :hexehexe!hexehexe@hexehexe.tmi.twitch.tv PRIVMSG #custa :why does kcr sound like taimou

2019-02-25_19:59:00 — :sphincter911!sphincter911@sphincter911.tmi.twitch.tv PRIVMSG #custa :@custa do you think zaryas damage needs a nerf? the whole 5% win rate stat for team who lose zarya is insane

2019-02-25_19:59:15 — :hexehexe!hexehexe@hexehexe.tmi.twitch.tv PRIVMSG #custa :lmao I'm dumb, true

2019-02-25_19:59:22 — :sabycat!sabycat@sabycat.tmi.twitch.tv PRIVMSG #custa :I wonder how Taimou is doing...is he still in Dallas?

2019-02-25_19:59:22 — :mizliz_!mizliz_@mizliz_.tmi.twitch.tv PRIVMSG #custa :those finns

2019-02-25_19:59:28 — :sir_chaox!sir_chaox@sir_chaox.tmi.twitch.tv PRIVMSG #custa :@Sabycat :old_man:

2019-02-25_19:59:34 — :sikkly!sikkly@sikkly.tmi.twitch.tv PRIVMSG #custa :oof

2019-02-25_19:59:34 — :ccgeecee!ccgeecee@ccgeecee.tmi.twitch.tv PRIVMSG #custa :BENCHED MOVEMENT

2019-02-25_19:59:36 — :takooo!takooo@takooo.tmi.twitch.tv PRIVMSG #custa :those darned finnish people

2019-02-25_19:59:36 — :sikkly!sikkly@sikkly.tmi.twitch.tv PRIVMSG #custa :painful

2019-02-25_19:59:39 — :sparrowz60!sparrowz60@sparrowz60.tmi.twitch.tv PRIVMSG #custa :I think zarya is balanced

2019-02-25_19:59:45 — :everyoneleftlou!everyoneleftlou@everyoneleftlou.tmi.twitch.tv PRIVMSG #custa :I was wondering if KCR was RCK

2019-02-25_19:59:47 — :sparrowz60!sparrowz60@sparrowz60.tmi.twitch.tv PRIVMSG #custa :She plays a big role

2019-02-25_19:59:52 — :sir_chaox!sir_chaox@sir_chaox.tmi.twitch.tv PRIVMSG #custa :@Sabycat well hes not coolmatt at least

2019-02-25_19:59:54 — :hexehexe!hexehexe@hexehexe.tmi.twitch.tv PRIVMSG #custa :@Sabycat he said he wasn't scrimming but he streams with cats on cam, so that's all good

2019-02-25_19:59:54 — :sparrowz60!sparrowz60@sparrowz60.tmi.twitch.tv PRIVMSG #custa :But sr is definitely balanced

2019-02-25_19:59:56 — :jhunal_curl!jhunal_curl@jhunal_curl.tmi.twitch.tv PRIVMSG #custa :zarya has her niche

2019-02-25_19:59:58 — :sparrowz60!sparrowz60@sparrowz60.tmi.twitch.tv PRIVMSG #custa :She

2019-02-25_20:00:17 — :sabycat!sabycat@sabycat.tmi.twitch.tv PRIVMSG #custa :@hexehexe hahaha I seeyeah I like his kitties

2019-02-25_20:00:23 — :nightbot!nightbot@nightbot.tmi.twitch.tv PRIVMSG #custa :Join my discord to keep up to date and chat » https://discord.gg/custa

2019-02-25_20:00:26 — :vaalnailo!vaalnailo@vaalnailo.tmi.twitch.tv PRIVMSG #custa :SHAT FATTER

2019-02-25_20:00:29 — :normandyxo!normandyxo@normandyxo.tmi.twitch.tv PRIVMSG #custa :PogChamp

2019-02-25_20:00:43 — :sir_chaox!sir_chaox@sir_chaox.tmi.twitch.tv PRIVMSG #custa :GOT EM

2019-02-25_20:00:46 — :yamana_s!yamana_s@yamana_s.tmi.twitch.tv PRIVMSG #custa :nice beat

2019-02-25_20:00:47 — :mizliz_!mizliz_@mizliz_.tmi.twitch.tv PRIVMSG #custa :so big

2019-02-25_20:01:00 — :welbe__!welbe__@welbe__.tmi.twitch.tv PRIVMSG #custa :it's so big

2019-02-25_20:01:09 — :sir_chaox!sir_chaox@sir_chaox.tmi.twitch.tv PRIVMSG #custa :EZ

2019-02-25_20:01:11 — :takooo!takooo@takooo.tmi.twitch.tv PRIVMSG #custa :its so big sureGasm

2019-02-25_20:01:17 — :nightbot!nightbot@nightbot.tmi.twitch.tv PRIVMSG #custa :You can follow me on twitter » twitter.com/custa

2019-02-25_20:01:20 — :jayp33live!jayp33live@jayp33live.tmi.twitch.tv PRIVMSG #custa :ahaha

2019-02-25_20:01:21 — :mizliz_!mizliz_@mizliz_.tmi.twitch.tv PRIVMSG #custa :I jump every time

2019-02-25_20:01:23 — :asliceofamazing!asliceofamazing@asliceofamazing.tmi.twitch.tv PRIVMSG #custa :LUL

2019-02-25_20:01:23 — :ccgeecee!ccgeecee@ccgeecee.tmi.twitch.tv PRIVMSG #custa :GOTTEM

2019-02-25_20:01:25 — :jayp33live!jayp33live@jayp33live.tmi.twitch.tv PRIVMSG #custa :poor beaky

2019-02-25_20:01:31 — :thegamingpinecone!thegamingpinecone@thegamingpinecone.tmi.twitch.tv PRIVMSG #custa :what do u think the new hero will do?

2019-02-25_20:01:33 — :eryck126!eryck126@eryck126.tmi.twitch.tv PRIVMSG #custa :Grind

2019-02-25_20:01:37 — :welbe__!welbe__@welbe__.tmi.twitch.tv PRIVMSG #custa :damn beaky

2019-02-25_20:01:38 — :eryck126!eryck126@eryck126.tmi.twitch.tv PRIVMSG #custa :G

2019-02-25_20:01:39 — :takooo!takooo@takooo.tmi.twitch.tv PRIVMSG #custa :!house

2019-02-25_20:01:39 — :vaalnailo!vaalnailo@vaalnailo.tmi.twitch.tv PRIVMSG #custa :Buck feaky

2019-02-25_20:01:40 — :eryck126!eryck126@eryck126.tmi.twitch.tv PRIVMSG #custa :I

2019-02-25_20:01:40 — :takooo!takooo@takooo.tmi.twitch.tv PRIVMSG #custa :o

2019-02-25_20:01:41 — :eryck126!eryck126@eryck126.tmi.twitch.tv PRIVMSG #custa :N

2019-02-25_20:01:42 — :sir_chaox!sir_chaox@sir_chaox.tmi.twitch.tv PRIVMSG #custa :PepeHands

2019-02-25_20:01:42 — :eryck126!eryck126@eryck126.tmi.twitch.tv PRIVMSG #custa :D

2019-02-25_20:01:43 — :ccgeecee!ccgeecee@ccgeecee.tmi.twitch.tv PRIVMSG #custa :BUCK FEAKY

2019-02-25_20:01:45 — :brilladia!brilladia@brilladia.tmi.twitch.tv PRIVMSG #custa :i donate just to hear the donation sound tbh

2019-02-25_20:01:48 — :jayp33live!jayp33live@jayp33live.tmi.twitch.tv PRIVMSG #custa :fair

2019-02-25_20:01:48 — :sikkly!sikkly@sikkly.tmi.twitch.tv PRIVMSG #custa :i still can't believe beaky lost and ran away to europe

2019-02-25_20:01:51 — :sphincter911!sphincter911@sphincter911.tmi.twitch.tv PRIVMSG #custa :@custa what makes and breaks goats?

2019-02-25_20:01:51 — :takooo!takooo@takooo.tmi.twitch.tv PRIVMSG #custa :beck heaky

2019-02-25_20:01:59 — :mizliz_!mizliz_@mizliz_.tmi.twitch.tv PRIVMSG #custa :weaky

2019-02-25_20:02:02 — :jayp33live!jayp33live@jayp33live.tmi.twitch.tv PRIVMSG #custa :he is the smash thrower after all

2019-02-25_20:02:07 — :ccgeecee!ccgeecee@ccgeecee.tmi.twitch.tv PRIVMSG #custa :@Sikkly he got kicked outa the country

2019-02-25_20:02:15 — :takooo!takooo@takooo.tmi.twitch.tv PRIVMSG #custa :spam this weaky to help out beaky

2019-02-25_20:02:17 — :bubborama!bubborama@bubborama.tmi.twitch.tv PRIVMSG #custa :It's the synergy that makes goats strong.

2019-02-25_20:02:18 — :arina!arina@arina.tmi.twitch.tv PRIVMSG #custa :SAY HAPPY BIRTHDAY COWARD

2019-02-25_20:02:18 — :brilladia!brilladia@brilladia.tmi.twitch.tv PRIVMSG #custa :beaky is leaky

2019-02-25_20:02:25 — :sphincter911!sphincter911@sphincter911.tmi.twitch.tv PRIVMSG #custa :@custa what ability or character does goats rely on the most?

2019-02-25_20:02:27 — :mizliz_!mizliz_@mizliz_.tmi.twitch.tv PRIVMSG #custa :brilla is here too

2019-02-25_20:02:28 — :takooo!takooo@takooo.tmi.twitch.tv PRIVMSG #custa :HAPPY BIRTHDAY ARINA

2019-02-25_20:02:29 — :jylld!jylld@jylld.tmi.twitch.tv PRIVMSG #custa :Everyone's equally important, but the Zarya is more equal than everyone else.

2019-02-25_20:02:31 — :mizliz_!mizliz_@mizliz_.tmi.twitch.tv PRIVMSG #custa :HAP BIRTH GUYS

2019-02-25_20:02:36 — :takooo!takooo@takooo.tmi.twitch.tv PRIVMSG #custa :AND BRILLA

2019-02-25_20:02:39 — :arina!arina@arina.tmi.twitch.tv PRIVMSG #custa :thank you tako

2019-02-25_20:02:47 — :shinyflareons!shinyflareons@shinyflareons.tmi.twitch.tv PRIVMSG #custa :@custa what do you think about the new hero Baptiste?

2019-02-25_20:02:48 — :ccgeecee!ccgeecee@ccgeecee.tmi.twitch.tv PRIVMSG #custa :ARINA THERE GOES MY HERO

2019-02-25_20:02:50 — :hexehexe!hexehexe@hexehexe.tmi.twitch.tv PRIVMSG #custa :lets hope new hero brings some change in meta

2019-02-25_20:02:54 — :arina!arina@arina.tmi.twitch.tv PRIVMSG #custa :THAT'S ME

2019-02-25_20:02:54 — :lylem_!lylem_@lylem_.tmi.twitch.tv PRIVMSG #custa :nerf lucio 2019

2019-02-25_20:02:56 — :arina!arina@arina.tmi.twitch.tv PRIVMSG #custa :OML

2019-02-25_20:02:57 — :ccgeecee!ccgeecee@ccgeecee.tmi.twitch.tv PRIVMSG #custa :HBD ARINA

2019-02-25_20:02:59 — :ccgeecee!ccgeecee@ccgeecee.tmi.twitch.tv PRIVMSG #custa :love ya

2019-02-25_20:03:01 — :brilladia!brilladia@brilladia.tmi.twitch.tv PRIVMSG #custa :HAPPY BIRTHDAY ARINA AND TAKO

2019-02-25_20:03:02 — :sethinator96!sethinator96@sethinator96.tmi.twitch.tv PRIVMSG #custa :happy birthday you two

2019-02-25_20:03:03 — :banjodobbie!banjodobbie@banjodobbie.tmi.twitch.tv PRIVMSG #custa :What do you think are the worst teams right now and which team are you looking forward to playing against most OWLVALg OWL2019VAL1 OWL2019VAL2

2019-02-25_20:03:03 — :arina!arina@arina.tmi.twitch.tv PRIVMSG #custa :THANK YOU GC

2019-02-25_20:03:04 — :mizliz_!mizliz_@mizliz_.tmi.twitch.tv PRIVMSG #custa :@custa say happy birthday arina

2019-02-25_20:03:04 — :amvx!amvx@amvx.tmi.twitch.tv PRIVMSG #custa :Depends on the playstyle of their goats.

2019-02-25_20:03:04 — :brilladia!brilladia@brilladia.tmi.twitch.tv PRIVMSG #custa :AND ME

2019-02-25_20:03:05 — :hexehexe!hexehexe@hexehexe.tmi.twitch.tv PRIVMSG #custa :I dont think goats is/should disappear completely

2019-02-25_20:03:05 — :jayp33live!jayp33live@jayp33live.tmi.twitch.tv PRIVMSG #custa :i think that zarya needs her max charge set to 80

2019-02-25_20:03:10 — :william_ross02!william_ross02@william_ross02.tmi.twitch.tv PRIVMSG #custa :why zen

2019-02-25_20:03:13 — :amvx!amvx@amvx.tmi.twitch.tv PRIVMSG #custa :If they value the Lucio speed over the Discord for example.

2019-02-25_20:03:15 — :yamana_s!yamana_s@yamana_s.tmi.twitch.tv PRIVMSG #custa :many low ELOs don't run zen though

2019-02-25_20:03:19 — :dhtin!dhtin@dhtin.tmi.twitch.tv PRIVMSG #custa :didn't they used to run goats without zen though

2019-02-25_20:03:20 — :jylld!jylld@jylld.tmi.twitch.tv PRIVMSG #custa :Without Zarya you'd just constantly get wiped by bomb+grav

2019-02-25_20:03:23 — :arina!arina@arina.tmi.twitch.tv PRIVMSG #custa :lamest hbd

2019-02-25_20:03:25 — :mizliz_!mizliz_@mizliz_.tmi.twitch.tv PRIVMSG #custa :good >:|

2019-02-25_20:03:25 — :sphincter911!sphincter911@sphincter911.tmi.twitch.tv PRIVMSG #custa :@custa the whole 5% win rate for teams that lose zarya is pretty huge tho

2019-02-25_20:03:33 — :ccgeecee!ccgeecee@ccgeecee.tmi.twitch.tv PRIVMSG #custa :ur a badass bitch with a heart of gold surrounded by a shell of cold iron

2019-02-25_20:03:33 — :ironavenger6491!ironavenger6491@ironavenger6491.tmi.twitch.tv PRIVMSG #custa :Happy Birthday Arina

2019-02-25_20:03:35 — :arina!arina@arina.tmi.twitch.tv PRIVMSG #custa :oh god no

2019-02-25_20:03:35 — :dhtin!dhtin@dhtin.tmi.twitch.tv PRIVMSG #custa :they've swapped moira for zen before

2019-02-25_20:03:36 — :adamdjendi!adamdjendi@adamdjendi.tmi.twitch.tv PRIVMSG #custa :happy birthday arina :D

2019-02-25_20:03:40 — :sabycat!sabycat@sabycat.tmi.twitch.tv PRIVMSG #custa :Happy birthday to you

2019-02-25_20:03:41 — :amvx!amvx@amvx.tmi.twitch.tv PRIVMSG #custa :HAPPY BIRTHDAY TO YOU

2019-02-25_20:03:42 — :soconn14!soconn14@soconn14.tmi.twitch.tv PRIVMSG #custa :HAPPY BIRTHDAY TO YOU

2019-02-25_20:03:43 — :dhtin!dhtin@dhtin.tmi.twitch.tv PRIVMSG #custa :or ana for zen

2019-02-25_20:03:43 — :sethinator96!sethinator96@sethinator96.tmi.twitch.tv PRIVMSG #custa :LMAO

2019-02-25_20:03:43 — :jhunal_curl!jhunal_curl@jhunal_curl.tmi.twitch.tv PRIVMSG #custa :happy birthday to you

2019-02-25_20:03:43 — :brilladia!brilladia@brilladia.tmi.twitch.tv PRIVMSG #custa :LOL

2019-02-25_20:03:45 — :sphincter911!sphincter911@sphincter911.tmi.twitch.tv PRIVMSG #custa :happy birthday to you

2019-02-25_20:03:46 — :yamana_s!yamana_s@yamana_s.tmi.twitch.tv PRIVMSG #custa :happy birthday!

2019-02-25_20:03:46 — :mizliz_!mizliz_@mizliz_.tmi.twitch.tv PRIVMSG #custa :haaaappy birthday to you

2019-02-25_20:03:46 — :arina!arina@arina.tmi.twitch.tv PRIVMSG #custa :NotLikeThis

2019-02-25_20:03:48 — :indigo9319!indigo9319@indigo9319.tmi.twitch.tv PRIVMSG #custa :happy birthday

2019-02-25_20:03:48 — :jhunal_curl!jhunal_curl@jhunal_curl.tmi.twitch.tv PRIVMSG #custa :happy birthday dear arina

2019-02-25_20:03:48 — :sir_chaox!sir_chaox@sir_chaox.tmi.twitch.tv PRIVMSG #custa :FeelsBirthdayMan

2019-02-25_20:03:49 — :sabycat!sabycat@sabycat.tmi.twitch.tv PRIVMSG #custa :Happy birthday dear Arina

2019-02-25_20:03:49 — :takooo!takooo@takooo.tmi.twitch.tv PRIVMSG #custa :happy birthday dear ARINAAAAAA

2019-02-25_20:03:50 — :ironavenger6491!ironavenger6491@ironavenger6491.tmi.twitch.tv PRIVMSG #custa :AND MANY MORE!

2019-02-25_20:03:51 — :jayp33live!jayp33live@jayp33live.tmi.twitch.tv PRIVMSG #custa ::birthday_cake: FeelsBirthdayMan :birthday_cake: FeelsBirthdayMan :birthday_cake: FeelsBirthdayMan :birthday_cake: FeelsBirthdayMan :birthday_cake: FeelsBirthdayMan :birthday_cake: FeelsBirthdayMan :birthday_cake: FeelsBirthdayMan :birthday_cake: FeelsBirthdayMan :birthday_cake: FeelsBirthdayMan :birthday_cake: FeelsBirthdayMan :birthday_cake: FeelsBirthdayMan :birthday_cake: FeelsBirthdayMan

2019-02-25_20:03:52 — :kiyaraaaa!kiyaraaaa@kiyaraaaa.tmi.twitch.tv PRIVMSG #custa :lmao

2019-02-25_20:03:52 — :soconn14!soconn14@soconn14.tmi.twitch.tv PRIVMSG #custa :HAPPY BIRTHDAY ARIIIINNAAAA

2019-02-25_20:03:52 — :petrikhore!petrikhore@petrikhore.tmi.twitch.tv PRIVMSG #custa :custaBanger

2019-02-25_20:03:53 — :jhunal_curl!jhunal_curl@jhunal_curl.tmi.twitch.tv PRIVMSG #custa :happy birthday to you

2019-02-25_20:03:55 — :sir_chaox!sir_chaox@sir_chaox.tmi.twitch.tv PRIVMSG #custa :FeelsBirthdayMan Clap

2019-02-25_20:03:55 — :takooo!takooo@takooo.tmi.twitch.tv PRIVMSG #custa :HAPPPYY BIIRRTHDAAAY TO YOUUUU

2019-02-25_20:03:56 — :onasi!onasi@onasi.tmi.twitch.tv PRIVMSG #custa :cha cha cha

2019-02-25_20:03:57 — :sabycat!sabycat@sabycat.tmi.twitch.tv PRIVMSG #custa :HBD 2 UUUUUUUUUUU
:youngbrisket!youngbrisket@youngbrisket.tmi.twitch.tv PRIVMSG #custa :FeelsBirthdayMan

2019-02-25_20:03:59 — :soconn14!soconn14@soconn14.tmi.twitch.tv PRIVMSG #custa :HAPPY BIRTHDAY TOOOOOOO YOUUUU

2019-02-25_20:04:02 — :brilladia!brilladia@brilladia.tmi.twitch.tv PRIVMSG #custa :happy birthdaaaaaaaaay

2019-02-25_20:04:02 — :mizliz_!mizliz_@mizliz_.tmi.twitch.tv PRIVMSG #custa :aaand many more

2019-02-25_20:04:02 — :arina!arina@arina.tmi.twitch.tv PRIVMSG #custa :still doesn't beat drunk souls hbd

2019-02-25_20:04:04 — :pandoraeve!pandoraeve@pandoraeve.tmi.twitch.tv PRIVMSG #custa :Happy Birthday!

2019-02-25_20:04:04 — :jylld!jylld@jylld.tmi.twitch.tv PRIVMSG #custa :birthday good, enjoy cake

2019-02-25_20:04:05 — :jayp33live!jayp33live@jayp33live.tmi.twitch.tv PRIVMSG #custa :ohno

2019-02-25_20:04:05 — :steamyelephant!steamyelephant@steamyelephant.tmi.twitch.tv PRIVMSG #custa :FeelsBirthdayMan

2019-02-25_20:04:05 — :arina!arina@arina.tmi.twitch.tv PRIVMSG #custa :WHAT'S THIS COUNTING

2019-02-25_20:04:05 — :qingl0ng!qingl0ng@qingl0ng.tmi.twitch.tv PRIVMSG #custa :so aussie

2019-02-25_20:04:06 — :takooo!takooo@takooo.tmi.twitch.tv PRIVMSG #custa :WOW

2019-02-25_20:04:06 — :sir_chaox!sir_chaox@sir_chaox.tmi.twitch.tv PRIVMSG #custa :13 :)

2019-02-25_20:04:07 — :jayp33live!jayp33live@jayp33live.tmi.twitch.tv PRIVMSG #custa :13

2019-02-25_20:04:07 — :ccgeecee!ccgeecee@ccgeecee.tmi.twitch.tv PRIVMSG #custa :FeelsBirthdayMan :birthday_cake: FeelsBirthdayMan :birthday_cake: FeelsBirthdayMan :birthday_cake: FeelsBirthdayMan :birthday_cake: FeelsBirthdayMan :birthday_cake: FeelsBirthdayMan :birthday_cake:

2019-02-25_20:04:09 — :bubborama!bubborama@bubborama.tmi.twitch.tv PRIVMSG #custa :Keep going?

2019-02-25_20:04:10 — :brilladia!brilladia@brilladia.tmi.twitch.tv PRIVMSG #custa :wtf is that

2019-02-25_20:04:10 — :sphincter911!sphincter911@sphincter911.tmi.twitch.tv PRIVMSG #custa :stops at 13...

2019-02-25_20:04:14 — :amvx!amvx@amvx.tmi.twitch.tv PRIVMSG #custa :That was tone deaf Keepo

2019-02-25_20:04:15 — :takooo!takooo@takooo.tmi.twitch.tv PRIVMSG #custa :ARINA IS 13 YEARS OLD

2019-02-25_20:04:17 — :arina!arina@arina.tmi.twitch.tv PRIVMSG #custa :WHO COUNTS

2019-02-25_20:04:18 — :socalkid86!socalkid86@socalkid86.tmi.twitch.tv PRIVMSG #custa :Voice of an angel

2019-02-25_20:04:18 — :jhunal_curl!jhunal_curl@jhunal_curl.tmi.twitch.tv PRIVMSG #custa :arina is 13 years old

2019-02-25_20:04:19 — :arina!arina@arina.tmi.twitch.tv PRIVMSG #custa :NO

2019-02-25_20:04:19 — :ironavenger6491!ironavenger6491@ironavenger6491.tmi.twitch.tv PRIVMSG #custa :NO

2019-02-25_20:04:19 — :mizliz_!mizliz_@mizliz_.tmi.twitch.tv PRIVMSG #custa :if you told me how old arina was I'd pay you another mystery $5

2019-02-25_20:04:21 — :arina!arina@arina.tmi.twitch.tv PRIVMSG #custa :WHO COUNTS

2019-02-25_20:04:22 — :sluggter!sluggter@sluggter.tmi.twitch.tv PRIVMSG #custa :a clap for each year

2019-02-25_20:04:23 — :jayp33live!jayp33live@jayp33live.tmi.twitch.tv PRIVMSG #custa :yea

2019-02-25_20:04:24 — :ironavenger6491!ironavenger6491@ironavenger6491.tmi.twitch.tv PRIVMSG #custa :We don't count

2019-02-25_20:04:25 — :brilladia!brilladia@brilladia.tmi.twitch.tv PRIVMSG #custa :no we don't

2019-02-25_20:04:26 — :sethinator96!sethinator96@sethinator96.tmi.twitch.tv PRIVMSG #custa :no

2019-02-25_20:04:27 — :takooo!takooo@takooo.tmi.twitch.tv PRIVMSG #custa :NO ONE COUNTS

2019-02-25_20:04:27 — :jayp33live!jayp33live@jayp33live.tmi.twitch.tv PRIVMSG #custa :thats an aus thing

2019-02-25_20:04:28 — :mizliz_!mizliz_@mizliz_.tmi.twitch.tv PRIVMSG #custa :bc there is no way you know

2019-02-25_20:04:30 — :takooo!takooo@takooo.tmi.twitch.tv PRIVMSG #custa :ARINA IS 13 !!!

2019-02-25_20:04:30 — :theonetruj!theonetruj@theonetruj.tmi.twitch.tv PRIVMSG #custa :you punch them for each year (in the arm)

2019-02-25_20:04:31 — :yaizerx158!yaizerx158@yaizerx158.tmi.twitch.tv PRIVMSG #custa :happy birthday

2019-02-25_20:04:31 — :sluggter!sluggter@sluggter.tmi.twitch.tv PRIVMSG #custa :is that not normal? NotLikeThis

2019-02-25_20:04:31 — :arina!arina@arina.tmi.twitch.tv PRIVMSG #custa :NO

2019-02-25_20:04:32 — :jylld!jylld@jylld.tmi.twitch.tv PRIVMSG #custa :????????? I never did that and I'm strayan

2019-02-25_20:04:33 — :paramina!paramina@paramina.tmi.twitch.tv PRIVMSG #custa :Sometimes in the UK you count and hit them

2019-02-25_20:04:34 — :welbe__!welbe__@welbe__.tmi.twitch.tv PRIVMSG #custa :No one counts

2019-02-25_20:04:34 — :amvx!amvx@amvx.tmi.twitch.tv PRIVMSG #custa :Birthday punches though

2019-02-25_20:04:34 — :siennaaa!siennaaa@siennaaa.tmi.twitch.tv PRIVMSG #custa :i do i t!

2019-02-25_20:04:34 — :ccgeecee!ccgeecee@ccgeecee.tmi.twitch.tv PRIVMSG #custa :THIS IS AMERICA WE USE GUNSHOTS

2019-02-25_20:04:35 — :phinoms!phinoms@phinoms.tmi.twitch.tv PRIVMSG #custa :i thought people punched your years <<;

2019-02-25_20:04:35 — :jhunal_curl!jhunal_curl@jhunal_curl.tmi.twitch.tv PRIVMSG #custa :it's an aus thing

2019-02-25_20:04:36 — :sir_chaox!sir_chaox@sir_chaox.tmi.twitch.tv PRIVMSG #custa ::thinking_face:

2019-02-25_20:04:36 — :siennaaa!siennaaa@siennaaa.tmi.twitch.tv PRIVMSG #custa :but im aus

2019-02-25_20:04:37 — :kiyaraaaa!kiyaraaaa@kiyaraaaa.tmi.twitch.tv PRIVMSG #custa :no

2019-02-25_20:04:37 — :siennaaa!siennaaa@siennaaa.tmi.twitch.tv PRIVMSG #custa :LOL

2019-02-25_20:04:37 — :shinyflareons!shinyflareons@shinyflareons.tmi.twitch.tv PRIVMSG #custa :that's an aussie thing

2019-02-25_20:04:38 — :mizliz_!mizliz_@mizliz_.tmi.twitch.tv PRIVMSG #custa :maybe you're crazy

2019-02-25_20:04:39 — :simeya!simeya@simeya.tmi.twitch.tv PRIVMSG #custa :No

2019-02-25_20:04:42 — :seein_qq!seein_qq@seein_qq.tmi.twitch.tv PRIVMSG #custa :no clap, arm punches!

2019-02-25_20:04:43 — :sabycat!sabycat@sabycat.tmi.twitch.tv PRIVMSG #custa :u Australians and your weird rituals

2019-02-25_20:04:44 — :yamana_s!yamana_s@yamana_s.tmi.twitch.tv PRIVMSG #custa :no cause your age is secret

2019-02-25_20:04:45 — :sluggter!sluggter@sluggter.tmi.twitch.tv PRIVMSG #custa :YEAH STRAYA custaFeelsbad
:arina!arina@arina.tmi.twitch.tv PRIVMSG #custa :24

2019-02-25_20:04:46 — :sethinator96!sethinator96@sethinator96.tmi.twitch.tv PRIVMSG #custa :No

2019-02-25_20:04:46 — :jayp33live!jayp33live@jayp33live.tmi.twitch.tv PRIVMSG #custa :@ccgeecee LUL

2019-02-25_20:04:49 — :brilladia!brilladia@brilladia.tmi.twitch.tv PRIVMSG #custa :arina is actually 12 Kappa

2019-02-25_20:04:50 — :sir_chaox!sir_chaox@sir_chaox.tmi.twitch.tv PRIVMSG #custa :FeelsGoodMan :Australia:

2019-02-25_20:04:51 — :simeya!simeya@simeya.tmi.twitch.tv PRIVMSG #custa :Counting hbd?

2019-02-25_20:04:53 — :bubborama!bubborama@bubborama.tmi.twitch.tv PRIVMSG #custa :We sometimes count it here in the U.K too, unless the person is older.

2019-02-25_20:04:53 — :sethinator96!sethinator96@sethinator96.tmi.twitch.tv PRIVMSG #custa :we don't do that

2019-02-25_20:04:56 — :theonetruj!theonetruj@theonetruj.tmi.twitch.tv PRIVMSG #custa :in the US, they get a punch in the arm for each year (and a pinch for good luck)

2019-02-25_20:05:04 — :onasi!onasi@onasi.tmi.twitch.tv PRIVMSG #custa :Isn't their an alternate AUS song too?

2019-02-25_20:05:06 — :arina!arina@arina.tmi.twitch.tv PRIVMSG #custa :that was weird

2019-02-25_20:05:08 — :sabycat!sabycat@sabycat.tmi.twitch.tv PRIVMSG #custa :look, I give you Autralians a pass on freaky stuff just because I love the Crocodile Hunter

2019-02-25_20:05:10 — :jayp33live!jayp33live@jayp33live.tmi.twitch.tv PRIVMSG #custa :Now do a shoey

2019-02-25_20:05:12 — :jhaydhee!jhaydhee@jhaydhee.tmi.twitch.tv PRIVMSG #custa :NBA meta is 3's and positionless players. MLB meta is power hitters. NFL meta is multiple defense and innovative offensive playcalling

2019-02-25_20:05:15 — :welbe__!welbe__@welbe__.tmi.twitch.tv PRIVMSG #custa :Here we pull the ear of the person in the same amount of years that she is completing

2019-02-25_20:05:19 — :banjodobbie!banjodobbie@banjodobbie.tmi.twitch.tv PRIVMSG #custa :My family is Australian and I’ve never seen them do that

2019-02-25_20:05:19 — :sirfuzzy75!sirfuzzy75@sirfuzzy75.tmi.twitch.tv PRIVMSG #custa :13 is the new 24

2019-02-25_20:05:25 — :mizliz_!mizliz_@mizliz_.tmi.twitch.tv PRIVMSG #custa :LUL

2019-02-25_20:05:25 — :arina!arina@arina.tmi.twitch.tv PRIVMSG #custa :LMAO

2019-02-25_20:05:26 — :phinoms!phinoms@phinoms.tmi.twitch.tv PRIVMSG #custa :lol

2019-02-25_20:05:28 — :ccgeecee!ccgeecee@ccgeecee.tmi.twitch.tv PRIVMSG #custa :its worse for highshool kids @JayP33Live they get it first hand

2019-02-25_20:05:32 — :ironavenger6491!ironavenger6491@ironavenger6491.tmi.twitch.tv PRIVMSG #custa :by the time you're done clapping, they're dead

2019-02-25_20:05:34 — :hexehexe!hexehexe@hexehexe.tmi.twitch.tv PRIVMSG #custa :one day it'll be your turn lmao

2019-02-25_20:05:37 — :takooo!takooo@takooo.tmi.twitch.tv PRIVMSG #custa :arina i cant wait until your 14th birthday

2019-02-25_20:05:38 — :jayp33live!jayp33live@jayp33live.tmi.twitch.tv PRIVMSG #custa :WOW

2019-02-25_20:05:39 — :soconn14!soconn14@soconn14.tmi.twitch.tv PRIVMSG #custa :wow what a great joke hahaha very funny custa

2019-02-25_20:05:40 — :jayp33live!jayp33live@jayp33live.tmi.twitch.tv PRIVMSG #custa :OK

2019-02-25_20:05:42 — :arina!arina@arina.tmi.twitch.tv PRIVMSG #custa :takooo same

2019-02-25_20:05:46 — :lylem_!lylem_@lylem_.tmi.twitch.tv PRIVMSG #custa :so for a baby its just one sad clap?

2019-02-25_20:05:48 — :ironavenger6491!ironavenger6491@ironavenger6491.tmi.twitch.tv PRIVMSG #custa :RIP Grandma

2019-02-25_20:05:48 — :ccgeecee!ccgeecee@ccgeecee.tmi.twitch.tv PRIVMSG #custa :thank god im canadian

2019-02-25_20:05:48 — :seein_qq!seein_qq@seein_qq.tmi.twitch.tv PRIVMSG #custa :have u seen the new hero yet Custa?

2019-02-25_20:05:49 — :takooo!takooo@takooo.tmi.twitch.tv PRIVMSG #custa :im so excited

2019-02-25_20:05:53 — :takooo!takooo@takooo.tmi.twitch.tv PRIVMSG #custa :its amag

2019-02-25_20:05:56 — :arina!arina@arina.tmi.twitch.tv PRIVMSG #custa :what happens when u turn 14

2019-02-25_20:06:00 — :takooo!takooo@takooo.tmi.twitch.tv PRIVMSG #custa :!subhype Venaura

2019-02-25_20:06:01 — :nightbot!nightbot@nightbot.tmi.twitch.tv PRIVMSG #custa :Venaura thank you for subbing custaHeart custaWow

2019-02-25_20:06:02 — :jylld!jylld@jylld.tmi.twitch.tv PRIVMSG #custa :In my country we cover you in 1 kilo of yogurt for each year you were alive.

2019-02-25_20:06:04 — :yamana_s!yamana_s@yamana_s.tmi.twitch.tv PRIVMSG #custa :happy!
:takooo!takooo@takooo.tmi.twitch.tv PRIVMSG #custa :u get 14 claps

2019-02-25_20:06:07 — :ironavenger6491!ironavenger6491@ironavenger6491.tmi.twitch.tv PRIVMSG #custa :i got excited and thought Amag was Ameng

2019-02-25_20:06:10 — :jhunal_curl!jhunal_curl@jhunal_curl.tmi.twitch.tv PRIVMSG #custa :amag is stream sniping again

2019-02-25_20:06:20 — :hexehexe!hexehexe@hexehexe.tmi.twitch.tv PRIVMSG #custa :can we see custa dps

2019-02-25_20:06:21 — :arina!arina@arina.tmi.twitch.tv PRIVMSG #custa :LOL

2019-02-25_20:06:21 — :mizliz_!mizliz_@mizliz_.tmi.twitch.tv PRIVMSG #custa :amag wants the lucio

2019-02-25_20:06:24 — :jayp33live!jayp33live@jayp33live.tmi.twitch.tv PRIVMSG #custa :one zenny boi

2019-02-25_20:06:28 — :arina!arina@arina.tmi.twitch.tv PRIVMSG #custa :amag is the better lucio

2019-02-25_20:06:33 — :jhaydhee!jhaydhee@jhaydhee.tmi.twitch.tv PRIVMSG #custa :DPSCusta

2019-02-25_20:06:38 — :amvx!amvx@amvx.tmi.twitch.tv PRIVMSG #custa :HOATS time PogChamp

2019-02-25_20:06:59 — :hexehexe!hexehexe@hexehexe.tmi.twitch.tv PRIVMSG #custa :what do you think about the new lucios in the league? idk is pretty fun to watch

2019-02-25_20:07:01 — :onasi!onasi@onasi.tmi.twitch.tv PRIVMSG #custa :Bout to take Izayaki's spot

2019-02-25_20:07:17 — :yorkie_ow!yorkie_ow@yorkie_ow.tmi.twitch.tv PRIVMSG #custa :pride1 pride1 pride1 pride1 pride1 wish i could cheer more just wanted to say i'm always and forever a proud valiant fan

2019-02-25_20:07:21 — :sabycat!sabycat@sabycat.tmi.twitch.tv PRIVMSG #custa :step aside Izayaki

2019-02-25_20:07:59 — :sethinator96!sethinator96@sethinator96.tmi.twitch.tv PRIVMSG #custa :@yorkie_ow that's very brave of you

