2019-02-24_22:36:19 — :tmi.twitch.tv 001 anth003 :Welcome, GLHF!
:tmi.twitch.tv 002 anth003 :Your host is tmi.twitch.tv
:tmi.twitch.tv 003 anth003 :This server is rather new
:tmi.twitch.tv 004 anth003 :-
:tmi.twitch.tv 375 anth003 :-
:tmi.twitch.tv 372 anth003 :You are in a maze of twisty passages, all alike.
:tmi.twitch.tv 376 anth003 :>

2019-02-24_22:36:19 — :anth003!anth003@anth003.tmi.twitch.tv JOIN #fahzix
:anth003.tmi.twitch.tv 353 anth003 = #fahzix :anth003
:anth003.tmi.twitch.tv 366 anth003 #fahzix :End of /NAMES list

2019-02-24_22:36:21 — :thoday!thoday@thoday.tmi.twitch.tv PRIVMSG #fahzix :you cant say that dalish

2019-02-24_22:36:25 — :thommiah!thommiah@thommiah.tmi.twitch.tv PRIVMSG #fahzix :my parents to me

2019-02-24_22:36:33 — :kazebreegull!kazebreegull@kazebreegull.tmi.twitch.tv PRIVMSG #fahzix :get fucked idiot LUL

2019-02-24_22:36:58 — :kendragon7!kendragon7@kendragon7.tmi.twitch.tv PRIVMSG #fahzix :dalish FeelsWeirdMan

2019-02-24_22:36:58 — :thoday!thoday@thoday.tmi.twitch.tv PRIVMSG #fahzix :Dalish Pog

2019-02-24_22:37:03 — :jpmjurkowski!jpmjurkowski@jpmjurkowski.tmi.twitch.tv PRIVMSG #fahzix :ken PepeHands

2019-02-24_22:37:11 — :thoday!thoday@thoday.tmi.twitch.tv PRIVMSG #fahzix :ken got cucked FeelsBadMan

2019-02-24_22:37:32 — :kazebreegull!kazebreegull@kazebreegull.tmi.twitch.tv PRIVMSG #fahzix :dalish throw his games for me PepeHands

2019-02-24_22:38:42 — :dalishprince!dalishprince@dalishprince.tmi.twitch.tv PRIVMSG #fahzix :i will

2019-02-24_22:38:48 — :dalishprince!dalishprince@dalishprince.tmi.twitch.tv PRIVMSG #fahzix :im gonna play lucio and throw

2019-02-24_22:38:51 — :thoday!thoday@thoday.tmi.twitch.tv PRIVMSG #fahzix :play widow :)

2019-02-24_22:39:12 — :kazebreegull!kazebreegull@kazebreegull.tmi.twitch.tv PRIVMSG #fahzix :i want to play with fahz and show him how good i am so i can get signed BibleThump

2019-02-24_22:39:19 — :kazebreegull!kazebreegull@kazebreegull.tmi.twitch.tv PRIVMSG #fahzix :it's my big chance FeelsBadMan

2019-02-24_22:39:46 — :dalishprince!dalishprince@dalishprince.tmi.twitch.tv PRIVMSG #fahzix :!monkey

2019-02-24_22:39:47 — :kazebreegull!kazebreegull@kazebreegull.tmi.twitch.tv PRIVMSG #fahzix :BIG GAMER MOMENT POGGERS

2019-02-24_22:39:51 — :thoday!thoday@thoday.tmi.twitch.tv PRIVMSG #fahzix :daily reminder that mcrees right click does more damage than pulse bomb :)

2019-02-24_22:39:52 — :jpmjurkowski!jpmjurkowski@jpmjurkowski.tmi.twitch.tv PRIVMSG #fahzix :!winston

2019-02-24_22:39:57 — :firemage85!firemage85@firemage85.tmi.twitch.tv PRIVMSG #fahzix :sry :(

2019-02-24_22:39:57 — :thoday!thoday@thoday.tmi.twitch.tv PRIVMSG #fahzix :!zap

2019-02-24_22:39:58 — :nightbot!nightbot@nightbot.tmi.twitch.tv PRIVMSG #fahzix ::gorilla: :high_voltage: :high_voltage: :high_voltage:

2019-02-24_22:40:00 — :otelderaj!otelderaj@otelderaj.tmi.twitch.tv PRIVMSG #fahzix :This McRightclick is insane PogChamp

2019-02-24_22:40:08 — :nightbot!nightbot@nightbot.tmi.twitch.tv PRIVMSG #fahzix :Follow my Twitter at https://twitter.com/Fahzix_ and join my Discord with https://discord.gg/fahzix

2019-02-24_22:40:08 — :firemage85!firemage85@firemage85.tmi.twitch.tv PRIVMSG #fahzix :delivery made me go outside and run after her

2019-02-24_22:40:21 — :kendragon7!kendragon7@kendragon7.tmi.twitch.tv PRIVMSG #fahzix :im wer

2019-02-24_22:40:26 — :buddys_mom!buddys_mom@buddys_mom.tmi.twitch.tv PRIVMSG #fahzix :PogChamp PogChamp PogChamp

2019-02-24_22:40:32 — :kazebreegull!kazebreegull@kazebreegull.tmi.twitch.tv PRIVMSG #fahzix :damn it wer zfgMad

2019-02-24_22:40:33 — :firemage85!firemage85@firemage85.tmi.twitch.tv PRIVMSG #fahzix :boost him

2019-02-24_22:41:05 — :thoday!thoday@thoday.tmi.twitch.tv PRIVMSG #fahzix :FeelsWeirdMan

2019-02-24_22:41:13 — :firemage85!firemage85@firemage85.tmi.twitch.tv PRIVMSG #fahzix :tanks and supports :D

2019-02-24_22:41:33 — :koolade_!koolade_@koolade_.tmi.twitch.tv PRIVMSG #fahzix :OMEGALUL

2019-02-24_22:41:36 — :firemage85!firemage85@firemage85.tmi.twitch.tv PRIVMSG #fahzix :WER

2019-02-24_22:41:39 — :firemage85!firemage85@firemage85.tmi.twitch.tv PRIVMSG #fahzix :PUNCH HIM

2019-02-24_22:41:56 — :thommiah!thommiah@thommiah.tmi.twitch.tv PRIVMSG #fahzix :fahzS

2019-02-24_22:42:16 — :firemage85!firemage85@firemage85.tmi.twitch.tv PRIVMSG #fahzix :the return of the mcrighclick

2019-02-24_22:42:22 — :firemage85!firemage85@firemage85.tmi.twitch.tv PRIVMSG #fahzix :THE BOOST

2019-02-24_22:42:22 — :kazebreegull!kazebreegull@kazebreegull.tmi.twitch.tv PRIVMSG #fahzix :OMEGALUL

2019-02-24_22:42:25 — :kendragon7!kendragon7@kendragon7.tmi.twitch.tv PRIVMSG #fahzix :OMEGALUL

2019-02-24_22:42:27 — :koolade_!koolade_@koolade_.tmi.twitch.tv PRIVMSG #fahzix :LMAOO

2019-02-24_22:42:27 — :thoday!thoday@thoday.tmi.twitch.tv PRIVMSG #fahzix :OMEGALUL

2019-02-24_22:42:44 — :firemage85!firemage85@firemage85.tmi.twitch.tv PRIVMSG #fahzix :HAHAHAHAHA

2019-02-24_22:42:48 — :kazebreegull!kazebreegull@kazebreegull.tmi.twitch.tv PRIVMSG #fahzix :monkaS

2019-02-24_22:42:52 — :firemage85!firemage85@firemage85.tmi.twitch.tv PRIVMSG #fahzix :bubble op

2019-02-24_22:42:55 — :kazebreegull!kazebreegull@kazebreegull.tmi.twitch.tv PRIVMSG #fahzix :OMEGALUL

2019-02-24_22:42:58 — :thommiah!thommiah@thommiah.tmi.twitch.tv PRIVMSG #fahzix :epic gaming moment POGGERS2

2019-02-24_22:43:00 — :thoday!thoday@thoday.tmi.twitch.tv PRIVMSG #fahzix :OMEGALUL

2019-02-24_22:43:12 — :otelderaj!otelderaj@otelderaj.tmi.twitch.tv PRIVMSG #fahzix :is this QP or customs?

2019-02-24_22:43:20 — :kendragon7!kendragon7@kendragon7.tmi.twitch.tv PRIVMSG #fahzix :q :B_button_(blood_type):️

2019-02-24_22:43:23 — :firemage85!firemage85@firemage85.tmi.twitch.tv PRIVMSG #fahzix :this is OWL

2019-02-24_22:43:29 — :thoday!thoday@thoday.tmi.twitch.tv PRIVMSG #fahzix :Imagine doing more damage than pulse as a cooldown

2019-02-24_22:43:35 — :dalishprince!dalishprince@dalishprince.tmi.twitch.tv PRIVMSG #fahzix :he kept right clikcing ur boy

2019-02-24_22:43:39 — :dalishprince!dalishprince@dalishprince.tmi.twitch.tv PRIVMSG #fahzix :you cant allow this

2019-02-24_22:43:57 — :otelderaj!otelderaj@otelderaj.tmi.twitch.tv PRIVMSG #fahzix :Fluge is in OWL now POGGERS

2019-02-24_22:44:00 — :otelderaj!otelderaj@otelderaj.tmi.twitch.tv PRIVMSG #fahzix :big fan

2019-02-24_22:44:15 — :kazebreegull!kazebreegull@kazebreegull.tmi.twitch.tv PRIVMSG #fahzix :mr. :B_button_(blood_type):️ ahzix can you :B_button_(blood_type):️ lay with us

2019-02-24_22:44:18 — :firemage85!firemage85@firemage85.tmi.twitch.tv PRIVMSG #fahzix :shame :bell:

2019-02-24_22:45:00 — :thommiah!thommiah@thommiah.tmi.twitch.tv PRIVMSG #fahzix :Are these qp stacks the teams SHD had to scrim against

2019-02-24_22:45:01 — :thoday!thoday@thoday.tmi.twitch.tv PRIVMSG #fahzix :LMAO

2019-02-24_22:45:07 — :firemage85!firemage85@firemage85.tmi.twitch.tv PRIVMSG #fahzix :the high noon reload

2019-02-24_22:45:08 — :kazebreegull!kazebreegull@kazebreegull.tmi.twitch.tv PRIVMSG #fahzix :Idiot LUL

2019-02-24_22:45:12 — :firemage85!firemage85@firemage85.tmi.twitch.tv PRIVMSG #fahzix :that's too big brain

2019-02-24_22:45:44 — :firemage85!firemage85@firemage85.tmi.twitch.tv PRIVMSG #fahzix :LOL

2019-02-24_22:45:47 — :kazebreegull!kazebreegull@kazebreegull.tmi.twitch.tv PRIVMSG #fahzix :outplayed

2019-02-24_22:46:21 — :impactfenix!impactfenix@impactfenix.tmi.twitch.tv PRIVMSG #fahzix :Is that the real soar? check sr @Fahzix

2019-02-24_22:46:21 — :thoday!thoday@thoday.tmi.twitch.tv PRIVMSG #fahzix :"you let the twink get away...." - Dalish

2019-02-24_22:46:28 — :command0!command0@command0.tmi.twitch.tv PRIVMSG #fahzix :this isnt minecraft

2019-02-24_22:46:30 — :command0!command0@command0.tmi.twitch.tv PRIVMSG #fahzix :tf

2019-02-24_22:46:41 — :kazebreegull!kazebreegull@kazebreegull.tmi.twitch.tv PRIVMSG #fahzix :i know

2019-02-24_22:46:52 — :spawnsgg!spawnsgg@spawnsgg.tmi.twitch.tv PRIVMSG #fahzix :im 4393 B)

2019-02-24_22:46:52 — :impactfenix!impactfenix@impactfenix.tmi.twitch.tv PRIVMSG #fahzix :right click only lmao

2019-02-24_22:46:59 — :firemage85!firemage85@firemage85.tmi.twitch.tv PRIVMSG #fahzix :spectacular

2019-02-24_22:47:03 — :kazebreegull!kazebreegull@kazebreegull.tmi.twitch.tv PRIVMSG #fahzix :@Fahzix play sym for us, we miss her BibleThump

2019-02-24_22:47:05 — :impactfenix!impactfenix@impactfenix.tmi.twitch.tv PRIVMSG #fahzix :small fan spawns

2019-02-24_22:47:10 — :natsuka_217!natsuka_217@natsuka_217.tmi.twitch.tv PRIVMSG #fahzix :hi fahzix, this is the first time watching your streaming :)

2019-02-24_22:47:16 — :thoday!thoday@thoday.tmi.twitch.tv PRIVMSG #fahzix ::)

2019-02-24_22:47:19 — :kazebreegull!kazebreegull@kazebreegull.tmi.twitch.tv PRIVMSG #fahzix ::)

2019-02-24_22:47:21 — :spawnsgg!spawnsgg@spawnsgg.tmi.twitch.tv PRIVMSG #fahzix :@ImpactFenix medium sized fan impact

2019-02-24_22:47:27 — :natsuka_217!natsuka_217@natsuka_217.tmi.twitch.tv PRIVMSG #fahzix ::)

2019-02-24_22:47:30 — :impactfenix!impactfenix@impactfenix.tmi.twitch.tv PRIVMSG #fahzix :extra large fries spawns

2019-02-24_22:47:40 — :spawnsgg!spawnsgg@spawnsgg.tmi.twitch.tv PRIVMSG #fahzix :impact when we gonna duo

2019-02-24_22:47:51 — :kazebreegull!kazebreegull@kazebreegull.tmi.twitch.tv PRIVMSG #fahzix :\ ANGERY

2019-02-24_22:47:59 — :spawnsgg!spawnsgg@spawnsgg.tmi.twitch.tv PRIVMSG #fahzix :ANGERY /

2019-02-24_22:48:02 — :firemage85!firemage85@firemage85.tmi.twitch.tv PRIVMSG #fahzix :any angery smilers? :)

2019-02-24_22:48:06 — :kazebreegull!kazebreegull@kazebreegull.tmi.twitch.tv PRIVMSG #fahzix :\ ANGERY /

2019-02-24_22:48:18 — :kendragon7!kendragon7@kendragon7.tmi.twitch.tv PRIVMSG #fahzix :ANGERY

2019-02-24_22:48:29 — :silversean1337!silversean1337@silversean1337.tmi.twitch.tv PRIVMSG #fahzix :fahzGun

2019-02-24_22:48:33 — :spawnsgg!spawnsgg@spawnsgg.tmi.twitch.tv PRIVMSG #fahzix :ANGERY / \ ANGERY

2019-02-24_22:48:52 — :kazebreegull!kazebreegull@kazebreegull.tmi.twitch.tv PRIVMSG #fahzix :lucario carried your ass

